{"numFailedTestSuites":13,"numFailedTests":46,"numPassedTestSuites":0,"numPassedTests":3,"numPendingTestSuites":0,"numPendingTests":0,"numRuntimeErrorTestSuites":0,"numTodoTests":0,"numTotalTestSuites":13,"numTotalTests":49,"openHandles":[],"snapshot":{"added":0,"didUpdate":false,"failure":false,"filesAdded":0,"filesRemoved":0,"filesRemovedList":[],"filesUnmatched":0,"filesUpdated":0,"matched":0,"total":0,"unchecked":0,"uncheckedKeysByFile":[],"unmatched":0,"updated":0},"startTime":1781934280400,"success":false,"testResults":[{"assertionResults":[{"ancestorTitles":["Master Reference Data API (Module 03)","GET /api/v1/equipment"],"duration":70,"failureDetails":[{"matcherResult":{"actual":403,"expected":200,"message":"expect(received).toBe(expected) // Object.is equality\n\nExpected: 200\nReceived: 403","name":"toBe","pass":false}}],"failureMessages":["Error: expect(received).toBe(expected) // Object.is equality\n\nExpected: 200\nReceived: 403\n    at Object.<anonymous> (C:\\Documents\\Capstone Project\\binh-nguyen-wedding-event-management-system-sep490-g83\\backend-api\\src\\tests\\03-catalog.test.ts:26:31)\n    at processTicksAndRejections (node:internal/process/task_queues:104:5)"],"fullName":"Master Reference Data API (Module 03) GET /api/v1/equipment should return 200 and equipment list (Happy Path)","invocations":1,"location":null,"numPassingAsserts":0,"retryReasons":[],"status":"failed","title":"should return 200 and equipment list (Happy Path)"},{"ancestorTitles":["Master Reference Data API (Module 03)","GET /api/v1/equipment"],"duration":18,"failureDetails":[{"matcherResult":{"actual":403,"expected":400,"message":"expect(received).toBe(expected) // Object.is equality\n\nExpected: 400\nReceived: 403","name":"toBe","pass":false}}],"failureMessages":["Error: expect(received).toBe(expected) // Object.is equality\n\nExpected: 400\nReceived: 403\n    at Object.<anonymous> (C:\\Documents\\Capstone Project\\binh-nguyen-wedding-event-management-system-sep490-g83\\backend-api\\src\\tests\\03-catalog.test.ts:36:31)\n    at processTicksAndRejections (node:internal/process/task_queues:104:5)"],"fullName":"Master Reference Data API (Module 03) GET /api/v1/equipment should return 400 if categoryId is invalid (Bad Request)","invocations":1,"location":null,"numPassingAsserts":0,"retryReasons":[],"status":"failed","title":"should return 400 if categoryId is invalid (Bad Request)"},{"ancestorTitles":["Master Reference Data API (Module 03)","GET /api/v1/equipment"],"duration":13,"failureDetails":[{"matcherResult":{"actual":403,"expected":200,"message":"expect(received).toBe(expected) // Object.is equality\n\nExpected: 200\nReceived: 403","name":"toBe","pass":false}}],"failureMessages":["Error: expect(received).toBe(expected) // Object.is equality\n\nExpected: 200\nReceived: 403\n    at Object.<anonymous> (C:\\Documents\\Capstone Project\\binh-nguyen-wedding-event-management-system-sep490-g83\\backend-api\\src\\tests\\03-catalog.test.ts:47:31)\n    at processTicksAndRejections (node:internal/process/task_queues:104:5)"],"fullName":"Master Reference Data API (Module 03) GET /api/v1/equipment should return 200 with empty array if no matches (Edge Case)","invocations":1,"location":null,"numPassingAsserts":0,"retryReasons":[],"status":"failed","title":"should return 200 with empty array if no matches (Edge Case)"}],"endTime":1781934286848,"message":"  ● Master Reference Data API (Module 03) › GET /api/v1/equipment › should return 200 and equipment list (Happy Path)\n\n    expect(received).toBe(expected) // Object.is equality\n\n    Expected: 200\n    Received: 403\n\n    \u001b[0m \u001b[90m 24 |\u001b[39m         \u001b[33m.\u001b[39m\u001b[36mset\u001b[39m(\u001b[32m'Authorization'\u001b[39m\u001b[33m,\u001b[39m \u001b[32m`Bearer ${mockToken}`\u001b[39m)\u001b[33m;\u001b[39m\n     \u001b[90m 25 |\u001b[39m\n    \u001b[31m\u001b[1m>\u001b[22m\u001b[39m\u001b[90m 26 |\u001b[39m       expect(response\u001b[33m.\u001b[39mstatus)\u001b[33m.\u001b[39mtoBe(\u001b[35m200\u001b[39m)\u001b[33m;\u001b[39m\n     \u001b[90m    |\u001b[39m                               \u001b[31m\u001b[1m^\u001b[22m\u001b[39m\n     \u001b[90m 27 |\u001b[39m       expect(response\u001b[33m.\u001b[39mbody\u001b[33m.\u001b[39msuccess)\u001b[33m.\u001b[39mtoBe(\u001b[36mtrue\u001b[39m)\u001b[33m;\u001b[39m\n     \u001b[90m 28 |\u001b[39m       expect(response\u001b[33m.\u001b[39mbody\u001b[33m.\u001b[39mdata[\u001b[35m0\u001b[39m]\u001b[33m.\u001b[39mcode)\u001b[33m.\u001b[39mtoBe(\u001b[32m'EQ-AUD-LOA01'\u001b[39m)\u001b[33m;\u001b[39m\n     \u001b[90m 29 |\u001b[39m     })\u001b[33m;\u001b[39m\u001b[0m\n\n      at Object.<anonymous> (src/tests/03-catalog.test.ts:26:31)\n\n  ● Master Reference Data API (Module 03) › GET /api/v1/equipment › should return 400 if categoryId is invalid (Bad Request)\n\n    expect(received).toBe(expected) // Object.is equality\n\n    Expected: 400\n    Received: 403\n\n    \u001b[0m \u001b[90m 34 |\u001b[39m         \u001b[33m.\u001b[39m\u001b[36mset\u001b[39m(\u001b[32m'Authorization'\u001b[39m\u001b[33m,\u001b[39m \u001b[32m`Bearer ${mockToken}`\u001b[39m)\u001b[33m;\u001b[39m\n     \u001b[90m 35 |\u001b[39m\n    \u001b[31m\u001b[1m>\u001b[22m\u001b[39m\u001b[90m 36 |\u001b[39m       expect(response\u001b[33m.\u001b[39mstatus)\u001b[33m.\u001b[39mtoBe(\u001b[35m400\u001b[39m)\u001b[33m;\u001b[39m\n     \u001b[90m    |\u001b[39m                               \u001b[31m\u001b[1m^\u001b[22m\u001b[39m\n     \u001b[90m 37 |\u001b[39m       expect(response\u001b[33m.\u001b[39mbody\u001b[33m.\u001b[39msuccess)\u001b[33m.\u001b[39mtoBe(\u001b[36mfalse\u001b[39m)\u001b[33m;\u001b[39m\n     \u001b[90m 38 |\u001b[39m     })\u001b[33m;\u001b[39m\n     \u001b[90m 39 |\u001b[39m\u001b[0m\n\n      at Object.<anonymous> (src/tests/03-catalog.test.ts:36:31)\n\n  ● Master Reference Data API (Module 03) › GET /api/v1/equipment › should return 200 with empty array if no matches (Edge Case)\n\n    expect(received).toBe(expected) // Object.is equality\n\n    Expected: 200\n    Received: 403\n\n    \u001b[0m \u001b[90m 45 |\u001b[39m         \u001b[33m.\u001b[39m\u001b[36mset\u001b[39m(\u001b[32m'Authorization'\u001b[39m\u001b[33m,\u001b[39m \u001b[32m`Bearer ${mockToken}`\u001b[39m)\u001b[33m;\u001b[39m\n     \u001b[90m 46 |\u001b[39m\n    \u001b[31m\u001b[1m>\u001b[22m\u001b[39m\u001b[90m 47 |\u001b[39m       expect(response\u001b[33m.\u001b[39mstatus)\u001b[33m.\u001b[39mtoBe(\u001b[35m200\u001b[39m)\u001b[33m;\u001b[39m\n     \u001b[90m    |\u001b[39m                               \u001b[31m\u001b[1m^\u001b[22m\u001b[39m\n     \u001b[90m 48 |\u001b[39m       expect(response\u001b[33m.\u001b[39mbody\u001b[33m.\u001b[39mdata)\u001b[33m.\u001b[39mtoEqual([])\u001b[33m;\u001b[39m\n     \u001b[90m 49 |\u001b[39m     })\u001b[33m;\u001b[39m\n     \u001b[90m 50 |\u001b[39m   })\u001b[33m;\u001b[39m\u001b[0m\n\n      at Object.<anonymous> (src/tests/03-catalog.test.ts:47:31)\n","name":"C:\\Documents\\Capstone Project\\binh-nguyen-wedding-event-management-system-sep490-g83\\backend-api\\src\\tests\\03-catalog.test.ts","startTime":1781934281076,"status":"failed","summary":""},{"assertionResults":[{"ancestorTitles":["Customer Management API (Module 05)","POST /api/v1/customers"],"duration":82,"failureDetails":[{"matcherResult":{"actual":403,"expected":201,"message":"expect(received).toBe(expected) // Object.is equality\n\nExpected: 201\nReceived: 403","name":"toBe","pass":false}}],"failureMessages":["Error: expect(received).toBe(expected) // Object.is equality\n\nExpected: 201\nReceived: 403\n    at Object.<anonymous> (C:\\Documents\\Capstone Project\\binh-nguyen-wedding-event-management-system-sep490-g83\\backend-api\\src\\tests\\07-customers.test.ts:28:31)\n    at processTicksAndRejections (node:internal/process/task_queues:104:5)"],"fullName":"Customer Management API (Module 05) POST /api/v1/customers should return 201 on successful customer creation (Happy Path)","invocations":1,"location":null,"numPassingAsserts":0,"retryReasons":[],"status":"failed","title":"should return 201 on successful customer creation (Happy Path)"},{"ancestorTitles":["Customer Management API (Module 05)","POST /api/v1/customers"],"duration":15,"failureDetails":[{"matcherResult":{"actual":403,"expected":400,"message":"expect(received).toBe(expected) // Object.is equality\n\nExpected: 400\nReceived: 403","name":"toBe","pass":false}}],"failureMessages":["Error: expect(received).toBe(expected) // Object.is equality\n\nExpected: 400\nReceived: 403\n    at Object.<anonymous> (C:\\Documents\\Capstone Project\\binh-nguyen-wedding-event-management-system-sep490-g83\\backend-api\\src\\tests\\07-customers.test.ts:41:31)\n    at processTicksAndRejections (node:internal/process/task_queues:104:5)"],"fullName":"Customer Management API (Module 05) POST /api/v1/customers should return 400 when required fields are missing (Bad Request)","invocations":1,"location":null,"numPassingAsserts":0,"retryReasons":[],"status":"failed","title":"should return 400 when required fields are missing (Bad Request)"},{"ancestorTitles":["Customer Management API (Module 05)","POST /api/v1/customers"],"duration":13,"failureDetails":[{"matcherResult":{"message":"expect(received).toContain(expected) // indexOf\n\nExpected value: 403\nReceived array: [400, 409]","pass":false}}],"failureMessages":["Error: expect(received).toContain(expected) // indexOf\n\nExpected value: 403\nReceived array: [400, 409]\n    at Object.<anonymous> (C:\\Documents\\Capstone Project\\binh-nguyen-wedding-event-management-system-sep490-g83\\backend-api\\src\\tests\\07-customers.test.ts:58:26)\n    at processTicksAndRejections (node:internal/process/task_queues:104:5)"],"fullName":"Customer Management API (Module 05) POST /api/v1/customers should return 409 if phone number already exists (Edge Case)","invocations":1,"location":null,"numPassingAsserts":0,"retryReasons":[],"status":"failed","title":"should return 409 if phone number already exists (Edge Case)"}],"endTime":1781934287137,"message":"  ● Customer Management API (Module 05) › POST /api/v1/customers › should return 201 on successful customer creation (Happy Path)\n\n    expect(received).toBe(expected) // Object.is equality\n\n    Expected: 201\n    Received: 403\n\n    \u001b[0m \u001b[90m 26 |\u001b[39m         })\u001b[33m;\u001b[39m\n     \u001b[90m 27 |\u001b[39m\n    \u001b[31m\u001b[1m>\u001b[22m\u001b[39m\u001b[90m 28 |\u001b[39m       expect(response\u001b[33m.\u001b[39mstatus)\u001b[33m.\u001b[39mtoBe(\u001b[35m201\u001b[39m)\u001b[33m;\u001b[39m\n     \u001b[90m    |\u001b[39m                               \u001b[31m\u001b[1m^\u001b[22m\u001b[39m\n     \u001b[90m 29 |\u001b[39m       expect(response\u001b[33m.\u001b[39mbody\u001b[33m.\u001b[39msuccess)\u001b[33m.\u001b[39mtoBe(\u001b[36mtrue\u001b[39m)\u001b[33m;\u001b[39m\n     \u001b[90m 30 |\u001b[39m       expect(prismaMock\u001b[33m.\u001b[39mcustomer\u001b[33m.\u001b[39mcreate)\u001b[33m.\u001b[39mtoHaveBeenCalled()\u001b[33m;\u001b[39m\n     \u001b[90m 31 |\u001b[39m     })\u001b[33m;\u001b[39m\u001b[0m\n\n      at Object.<anonymous> (src/tests/07-customers.test.ts:28:31)\n\n  ● Customer Management API (Module 05) › POST /api/v1/customers › should return 400 when required fields are missing (Bad Request)\n\n    expect(received).toBe(expected) // Object.is equality\n\n    Expected: 400\n    Received: 403\n\n    \u001b[0m \u001b[90m 39 |\u001b[39m         })\u001b[33m;\u001b[39m\n     \u001b[90m 40 |\u001b[39m\n    \u001b[31m\u001b[1m>\u001b[22m\u001b[39m\u001b[90m 41 |\u001b[39m       expect(response\u001b[33m.\u001b[39mstatus)\u001b[33m.\u001b[39mtoBe(\u001b[35m400\u001b[39m)\u001b[33m;\u001b[39m\n     \u001b[90m    |\u001b[39m                               \u001b[31m\u001b[1m^\u001b[22m\u001b[39m\n     \u001b[90m 42 |\u001b[39m       expect(response\u001b[33m.\u001b[39mbody\u001b[33m.\u001b[39msuccess)\u001b[33m.\u001b[39mtoBe(\u001b[36mfalse\u001b[39m)\u001b[33m;\u001b[39m\n     \u001b[90m 43 |\u001b[39m     })\u001b[33m;\u001b[39m\n     \u001b[90m 44 |\u001b[39m\u001b[0m\n\n      at Object.<anonymous> (src/tests/07-customers.test.ts:41:31)\n\n  ● Customer Management API (Module 05) › POST /api/v1/customers › should return 409 if phone number already exists (Edge Case)\n\n    expect(received).toContain(expected) // indexOf\n\n    Expected value: 403\n    Received array: [400, 409]\n\n    \u001b[0m \u001b[90m 56 |\u001b[39m         })\u001b[33m;\u001b[39m\n     \u001b[90m 57 |\u001b[39m\n    \u001b[31m\u001b[1m>\u001b[22m\u001b[39m\u001b[90m 58 |\u001b[39m       expect([\u001b[35m400\u001b[39m\u001b[33m,\u001b[39m \u001b[35m409\u001b[39m])\u001b[33m.\u001b[39mtoContain(response\u001b[33m.\u001b[39mstatus)\u001b[33m;\u001b[39m\n     \u001b[90m    |\u001b[39m                          \u001b[31m\u001b[1m^\u001b[22m\u001b[39m\n     \u001b[90m 59 |\u001b[39m       expect(response\u001b[33m.\u001b[39mbody\u001b[33m.\u001b[39msuccess)\u001b[33m.\u001b[39mtoBe(\u001b[36mfalse\u001b[39m)\u001b[33m;\u001b[39m\n     \u001b[90m 60 |\u001b[39m     })\u001b[33m;\u001b[39m\n     \u001b[90m 61 |\u001b[39m   })\u001b[33m;\u001b[39m\u001b[0m\n\n      at Object.<anonymous> (src/tests/07-customers.test.ts:58:26)\n","name":"C:\\Documents\\Capstone Project\\binh-nguyen-wedding-event-management-system-sep490-g83\\backend-api\\src\\tests\\07-customers.test.ts","startTime":1781934281068,"status":"failed","summary":""},{"assertionResults":[{"ancestorTitles":["Module 04: Suppliers API","GET /api/v1/suppliers"],"duration":42,"failureDetails":[],"failureMessages":[],"fullName":"Module 04: Suppliers API GET /api/v1/suppliers should return 200 and list of suppliers","invocations":1,"location":null,"numPassingAsserts":2,"retryReasons":[],"status":"passed","title":"should return 200 and list of suppliers"},{"ancestorTitles":["Module 04: Suppliers API","POST /api/v1/suppliers"],"duration":43,"failureDetails":[],"failureMessages":[],"fullName":"Module 04: Suppliers API POST /api/v1/suppliers should return 201 on success","invocations":1,"location":null,"numPassingAsserts":1,"retryReasons":[],"status":"passed","title":"should return 201 on success"},{"ancestorTitles":["Module 04: Suppliers API","POST /api/v1/supplier-payables"],"duration":29,"failureDetails":[{"matcherResult":{"actual":404,"expected":201,"message":"expect(received).toBe(expected) // Object.is equality\n\nExpected: 201\nReceived: 404","name":"toBe","pass":false}}],"failureMessages":["Error: expect(received).toBe(expected) // Object.is equality\n\nExpected: 201\nReceived: 404\n    at Object.<anonymous> (C:\\Documents\\Capstone Project\\binh-nguyen-wedding-event-management-system-sep490-g83\\backend-api\\src\\tests\\04-suppliers.test.ts:35:26)\n    at processTicksAndRejections (node:internal/process/task_queues:104:5)"],"fullName":"Module 04: Suppliers API POST /api/v1/supplier-payables should return 201 on success","invocations":1,"location":null,"numPassingAsserts":0,"retryReasons":[],"status":"failed","title":"should return 201 on success"}],"endTime":1781934287142,"message":"  ● Module 04: Suppliers API › POST /api/v1/supplier-payables › should return 201 on success\n\n    expect(received).toBe(expected) // Object.is equality\n\n    Expected: 201\n    Received: 404\n\n    \u001b[0m \u001b[90m 33 |\u001b[39m         supplier_id\u001b[33m:\u001b[39m \u001b[35m3\u001b[39m\u001b[33m,\u001b[39m transaction_type\u001b[33m:\u001b[39m \u001b[32m'purchase'\u001b[39m\u001b[33m,\u001b[39m transaction_date\u001b[33m:\u001b[39m \u001b[32m'2026-06-20'\u001b[39m\u001b[33m,\u001b[39m due_date\u001b[33m:\u001b[39m \u001b[32m'2026-07-20'\u001b[39m\u001b[33m,\u001b[39m items\u001b[33m:\u001b[39m [{ catalog_item_id\u001b[33m:\u001b[39m \u001b[35m10\u001b[39m\u001b[33m,\u001b[39m quantity\u001b[33m:\u001b[39m \u001b[35m5\u001b[39m\u001b[33m,\u001b[39m unit_price\u001b[33m:\u001b[39m \u001b[35m400000\u001b[39m }]\n     \u001b[90m 34 |\u001b[39m       })\u001b[33m;\u001b[39m\n    \u001b[31m\u001b[1m>\u001b[22m\u001b[39m\u001b[90m 35 |\u001b[39m       expect(res\u001b[33m.\u001b[39mstatus)\u001b[33m.\u001b[39mtoBe(\u001b[35m201\u001b[39m)\u001b[33m;\u001b[39m\n     \u001b[90m    |\u001b[39m                          \u001b[31m\u001b[1m^\u001b[22m\u001b[39m\n     \u001b[90m 36 |\u001b[39m     })\u001b[33m;\u001b[39m\n     \u001b[90m 37 |\u001b[39m   })\u001b[33m;\u001b[39m\n     \u001b[90m 38 |\u001b[39m })\u001b[33m;\u001b[39m\u001b[0m\n\n      at Object.<anonymous> (src/tests/04-suppliers.test.ts:35:26)\n","name":"C:\\Documents\\Capstone Project\\binh-nguyen-wedding-event-management-system-sep490-g83\\backend-api\\src\\tests\\04-suppliers.test.ts","startTime":1781934281059,"status":"failed","summary":""},{"assertionResults":[{"ancestorTitles":["Module 06: Policies & Wage API","GET /api/v1/business-policies"],"duration":44,"failureDetails":[],"failureMessages":[],"fullName":"Module 06: Policies & Wage API GET /api/v1/business-policies should return 200 and list of policies","invocations":1,"location":null,"numPassingAsserts":1,"retryReasons":[],"status":"passed","title":"should return 200 and list of policies"},{"ancestorTitles":["Module 06: Policies & Wage API","PUT /api/v1/business-policies/:code"],"duration":46,"failureDetails":[{"matcherResult":{"actual":404,"expected":200,"message":"expect(received).toBe(expected) // Object.is equality\n\nExpected: 200\nReceived: 404","name":"toBe","pass":false}}],"failureMessages":["Error: expect(received).toBe(expected) // Object.is equality\n\nExpected: 200\nReceived: 404\n    at Object.<anonymous> (C:\\Documents\\Capstone Project\\binh-nguyen-wedding-event-management-system-sep490-g83\\backend-api\\src\\tests\\06-policies-wage.test.ts:23:26)\n    at processTicksAndRejections (node:internal/process/task_queues:104:5)"],"fullName":"Module 06: Policies & Wage API PUT /api/v1/business-policies/:code should return 200 on success","invocations":1,"location":null,"numPassingAsserts":0,"retryReasons":[],"status":"failed","title":"should return 200 on success"},{"ancestorTitles":["Module 06: Policies & Wage API","POST /api/v1/wage-rules"],"duration":14,"failureDetails":[{"matcherResult":{"actual":404,"expected":201,"message":"expect(received).toBe(expected) // Object.is equality\n\nExpected: 201\nReceived: 404","name":"toBe","pass":false}}],"failureMessages":["Error: expect(received).toBe(expected) // Object.is equality\n\nExpected: 201\nReceived: 404\n    at Object.<anonymous> (C:\\Documents\\Capstone Project\\binh-nguyen-wedding-event-management-system-sep490-g83\\backend-api\\src\\tests\\06-policies-wage.test.ts:33:26)\n    at processTicksAndRejections (node:internal/process/task_queues:104:5)"],"fullName":"Module 06: Policies & Wage API POST /api/v1/wage-rules should return 201 on success","invocations":1,"location":null,"numPassingAsserts":0,"retryReasons":[],"status":"failed","title":"should return 201 on success"}],"endTime":1781934287211,"message":"  ● Module 06: Policies & Wage API › PUT /api/v1/business-policies/:code › should return 200 on success\n\n    expect(received).toBe(expected) // Object.is equality\n\n    Expected: 200\n    Received: 404\n\n    \u001b[0m \u001b[90m 21 |\u001b[39m         \u001b[33m.\u001b[39m\u001b[36mset\u001b[39m(\u001b[32m'Authorization'\u001b[39m\u001b[33m,\u001b[39m \u001b[32m`Bearer ${adminToken}`\u001b[39m)\n     \u001b[90m 22 |\u001b[39m         \u001b[33m.\u001b[39msend({ policy_value\u001b[33m:\u001b[39m \u001b[35m40.00\u001b[39m\u001b[33m,\u001b[39m unit\u001b[33m:\u001b[39m \u001b[32m'%'\u001b[39m\u001b[33m,\u001b[39m description\u001b[33m:\u001b[39m \u001b[32m'Updated'\u001b[39m })\u001b[33m;\u001b[39m\n    \u001b[31m\u001b[1m>\u001b[22m\u001b[39m\u001b[90m 23 |\u001b[39m       expect(res\u001b[33m.\u001b[39mstatus)\u001b[33m.\u001b[39mtoBe(\u001b[35m200\u001b[39m)\u001b[33m;\u001b[39m\n     \u001b[90m    |\u001b[39m                          \u001b[31m\u001b[1m^\u001b[22m\u001b[39m\n     \u001b[90m 24 |\u001b[39m     })\u001b[33m;\u001b[39m\n     \u001b[90m 25 |\u001b[39m   })\u001b[33m;\u001b[39m\n     \u001b[90m 26 |\u001b[39m\u001b[0m\n\n      at Object.<anonymous> (src/tests/06-policies-wage.test.ts:23:26)\n\n  ● Module 06: Policies & Wage API › POST /api/v1/wage-rules › should return 201 on success\n\n    expect(received).toBe(expected) // Object.is equality\n\n    Expected: 201\n    Received: 404\n\n    \u001b[0m \u001b[90m 31 |\u001b[39m         \u001b[33m.\u001b[39m\u001b[36mset\u001b[39m(\u001b[32m'Authorization'\u001b[39m\u001b[33m,\u001b[39m \u001b[32m`Bearer ${adminToken}`\u001b[39m)\n     \u001b[90m 32 |\u001b[39m         \u001b[33m.\u001b[39msend({ role_id\u001b[33m:\u001b[39m \u001b[35m3\u001b[39m\u001b[33m,\u001b[39m session_type\u001b[33m:\u001b[39m \u001b[32m'night_setup'\u001b[39m\u001b[33m,\u001b[39m wage_amount\u001b[33m:\u001b[39m \u001b[35m500000\u001b[39m\u001b[33m,\u001b[39m valid_from\u001b[33m:\u001b[39m \u001b[32m'2026-07-01'\u001b[39m })\u001b[33m;\u001b[39m\n    \u001b[31m\u001b[1m>\u001b[22m\u001b[39m\u001b[90m 33 |\u001b[39m       expect(res\u001b[33m.\u001b[39mstatus)\u001b[33m.\u001b[39mtoBe(\u001b[35m201\u001b[39m)\u001b[33m;\u001b[39m\n     \u001b[90m    |\u001b[39m                          \u001b[31m\u001b[1m^\u001b[22m\u001b[39m\n     \u001b[90m 34 |\u001b[39m     })\u001b[33m;\u001b[39m\n     \u001b[90m 35 |\u001b[39m   })\u001b[33m;\u001b[39m\n     \u001b[90m 36 |\u001b[39m })\u001b[33m;\u001b[39m\u001b[0m\n\n      at Object.<anonymous> (src/tests/06-policies-wage.test.ts:33:26)\n","name":"C:\\Documents\\Capstone Project\\binh-nguyen-wedding-event-management-system-sep490-g83\\backend-api\\src\\tests\\06-policies-wage.test.ts","startTime":1781934281114,"status":"failed","summary":""},{"assertionResults":[{"ancestorTitles":["Order Lifecycle API (Module 06)","GET /api/v1/orders"],"duration":63,"failureDetails":[{"matcherResult":{"actual":403,"expected":200,"message":"expect(received).toBe(expected) // Object.is equality\n\nExpected: 200\nReceived: 403","name":"toBe","pass":false}}],"failureMessages":["Error: expect(received).toBe(expected) // Object.is equality\n\nExpected: 200\nReceived: 403\n    at Object.<anonymous> (C:\\Documents\\Capstone Project\\binh-nguyen-wedding-event-management-system-sep490-g83\\backend-api\\src\\tests\\09-orders.test.ts:28:31)\n    at processTicksAndRejections (node:internal/process/task_queues:104:5)"],"fullName":"Order Lifecycle API (Module 06) GET /api/v1/orders should return 200 and list of orders (Happy Path)","invocations":1,"location":null,"numPassingAsserts":0,"retryReasons":[],"status":"failed","title":"should return 200 and list of orders (Happy Path)"},{"ancestorTitles":["Order Lifecycle API (Module 06)","GET /api/v1/orders"],"duration":16,"failureDetails":[{"matcherResult":{"actual":403,"expected":200,"message":"expect(received).toBe(expected) // Object.is equality\n\nExpected: 200\nReceived: 403","name":"toBe","pass":false}}],"failureMessages":["Error: expect(received).toBe(expected) // Object.is equality\n\nExpected: 200\nReceived: 403\n    at Object.<anonymous> (C:\\Documents\\Capstone Project\\binh-nguyen-wedding-event-management-system-sep490-g83\\backend-api\\src\\tests\\09-orders.test.ts:42:31)\n    at processTicksAndRejections (node:internal/process/task_queues:104:5)"],"fullName":"Order Lifecycle API (Module 06) GET /api/v1/orders should return empty array if no orders match status (Edge Case)","invocations":1,"location":null,"numPassingAsserts":0,"retryReasons":[],"status":"failed","title":"should return empty array if no orders match status (Edge Case)"},{"ancestorTitles":["Order Lifecycle API (Module 06)","GET /api/v1/orders/:id"],"duration":12,"failureDetails":[{"matcherResult":{"actual":403,"expected":200,"message":"expect(received).toBe(expected) // Object.is equality\n\nExpected: 200\nReceived: 403","name":"toBe","pass":false}}],"failureMessages":["Error: expect(received).toBe(expected) // Object.is equality\n\nExpected: 200\nReceived: 403\n    at Object.<anonymous> (C:\\Documents\\Capstone Project\\binh-nguyen-wedding-event-management-system-sep490-g83\\backend-api\\src\\tests\\09-orders.test.ts:71:31)\n    at processTicksAndRejections (node:internal/process/task_queues:104:5)"],"fullName":"Order Lifecycle API (Module 06) GET /api/v1/orders/:id should return deep nested order details (Happy Path)","invocations":1,"location":null,"numPassingAsserts":0,"retryReasons":[],"status":"failed","title":"should return deep nested order details (Happy Path)"},{"ancestorTitles":["Order Lifecycle API (Module 06)","GET /api/v1/orders/:id"],"duration":11,"failureDetails":[{"matcherResult":{"actual":403,"expected":400,"message":"expect(received).toBe(expected) // Object.is equality\n\nExpected: 400\nReceived: 403","name":"toBe","pass":false}}],"failureMessages":["Error: expect(received).toBe(expected) // Object.is equality\n\nExpected: 400\nReceived: 403\n    at Object.<anonymous> (C:\\Documents\\Capstone Project\\binh-nguyen-wedding-event-management-system-sep490-g83\\backend-api\\src\\tests\\09-orders.test.ts:82:31)\n    at processTicksAndRejections (node:internal/process/task_queues:104:5)"],"fullName":"Order Lifecycle API (Module 06) GET /api/v1/orders/:id should return 400 if ID is invalid (Bad Request)","invocations":1,"location":null,"numPassingAsserts":0,"retryReasons":[],"status":"failed","title":"should return 400 if ID is invalid (Bad Request)"},{"ancestorTitles":["Order Lifecycle API (Module 06)","POST /api/v1/orders/:id/quotations"],"duration":43,"failureDetails":[{"matcherResult":{"actual":403,"expected":201,"message":"expect(received).toBe(expected) // Object.is equality\n\nExpected: 201\nReceived: 403","name":"toBe","pass":false}}],"failureMessages":["Error: expect(received).toBe(expected) // Object.is equality\n\nExpected: 201\nReceived: 403\n    at Object.<anonymous> (C:\\Documents\\Capstone Project\\binh-nguyen-wedding-event-management-system-sep490-g83\\backend-api\\src\\tests\\09-orders.test.ts:101:31)\n    at processTicksAndRejections (node:internal/process/task_queues:104:5)"],"fullName":"Order Lifecycle API (Module 06) POST /api/v1/orders/:id/quotations should return 201 on successful quotation creation (Happy Path)","invocations":1,"location":null,"numPassingAsserts":0,"retryReasons":[],"status":"failed","title":"should return 201 on successful quotation creation (Happy Path)"},{"ancestorTitles":["Order Lifecycle API (Module 06)","POST /api/v1/quotations/:id/confirm"],"duration":24,"failureDetails":[{"matcherResult":{"actual":403,"expected":200,"message":"expect(received).toBe(expected) // Object.is equality\n\nExpected: 200\nReceived: 403","name":"toBe","pass":false}}],"failureMessages":["Error: expect(received).toBe(expected) // Object.is equality\n\nExpected: 200\nReceived: 403\n    at Object.<anonymous> (C:\\Documents\\Capstone Project\\binh-nguyen-wedding-event-management-system-sep490-g83\\backend-api\\src\\tests\\09-orders.test.ts:117:31)\n    at processTicksAndRejections (node:internal/process/task_queues:104:5)"],"fullName":"Order Lifecycle API (Module 06) POST /api/v1/quotations/:id/confirm should return 200 on successful confirmation (Happy Path)","invocations":1,"location":null,"numPassingAsserts":0,"retryReasons":[],"status":"failed","title":"should return 200 on successful confirmation (Happy Path)"},{"ancestorTitles":["Order Lifecycle API (Module 06)","POST /api/v1/quotations/:id/confirm"],"duration":15,"failureDetails":[{"matcherResult":{"actual":403,"expected":400,"message":"expect(received).toBe(expected) // Object.is equality\n\nExpected: 400\nReceived: 403","name":"toBe","pass":false}}],"failureMessages":["Error: expect(received).toBe(expected) // Object.is equality\n\nExpected: 400\nReceived: 403\n    at Object.<anonymous> (C:\\Documents\\Capstone Project\\binh-nguyen-wedding-event-management-system-sep490-g83\\backend-api\\src\\tests\\09-orders.test.ts:128:31)\n    at processTicksAndRejections (node:internal/process/task_queues:104:5)"],"fullName":"Order Lifecycle API (Module 06) POST /api/v1/quotations/:id/confirm should return 400 if quotation is already approved (Edge Case)","invocations":1,"location":null,"numPassingAsserts":0,"retryReasons":[],"status":"failed","title":"should return 400 if quotation is already approved (Edge Case)"}],"endTime":1781934287237,"message":"  ● Order Lifecycle API (Module 06) › GET /api/v1/orders › should return 200 and list of orders (Happy Path)\n\n    expect(received).toBe(expected) // Object.is equality\n\n    Expected: 200\n    Received: 403\n\n    \u001b[0m \u001b[90m 26 |\u001b[39m         \u001b[33m.\u001b[39m\u001b[36mset\u001b[39m(\u001b[32m'Authorization'\u001b[39m\u001b[33m,\u001b[39m \u001b[32m`Bearer ${managerToken}`\u001b[39m)\u001b[33m;\u001b[39m\n     \u001b[90m 27 |\u001b[39m\n    \u001b[31m\u001b[1m>\u001b[22m\u001b[39m\u001b[90m 28 |\u001b[39m       expect(response\u001b[33m.\u001b[39mstatus)\u001b[33m.\u001b[39mtoBe(\u001b[35m200\u001b[39m)\u001b[33m;\u001b[39m\n     \u001b[90m    |\u001b[39m                               \u001b[31m\u001b[1m^\u001b[22m\u001b[39m\n     \u001b[90m 29 |\u001b[39m       expect(response\u001b[33m.\u001b[39mbody\u001b[33m.\u001b[39msuccess)\u001b[33m.\u001b[39mtoBe(\u001b[36mtrue\u001b[39m)\u001b[33m;\u001b[39m\n     \u001b[90m 30 |\u001b[39m       expect(response\u001b[33m.\u001b[39mbody\u001b[33m.\u001b[39mdata)\u001b[33m.\u001b[39mtoBeInstanceOf(\u001b[33mArray\u001b[39m)\u001b[33m;\u001b[39m\n     \u001b[90m 31 |\u001b[39m       expect(response\u001b[33m.\u001b[39mbody\u001b[33m.\u001b[39mdata[\u001b[35m0\u001b[39m]\u001b[33m.\u001b[39mcode)\u001b[33m.\u001b[39mtoBe(\u001b[32m'ORD-2026-0088'\u001b[39m)\u001b[33m;\u001b[39m\u001b[0m\n\n      at Object.<anonymous> (src/tests/09-orders.test.ts:28:31)\n\n  ● Order Lifecycle API (Module 06) › GET /api/v1/orders › should return empty array if no orders match status (Edge Case)\n\n    expect(received).toBe(expected) // Object.is equality\n\n    Expected: 200\n    Received: 403\n\n    \u001b[0m \u001b[90m 40 |\u001b[39m         \u001b[33m.\u001b[39m\u001b[36mset\u001b[39m(\u001b[32m'Authorization'\u001b[39m\u001b[33m,\u001b[39m \u001b[32m`Bearer ${managerToken}`\u001b[39m)\u001b[33m;\u001b[39m\n     \u001b[90m 41 |\u001b[39m\n    \u001b[31m\u001b[1m>\u001b[22m\u001b[39m\u001b[90m 42 |\u001b[39m       expect(response\u001b[33m.\u001b[39mstatus)\u001b[33m.\u001b[39mtoBe(\u001b[35m200\u001b[39m)\u001b[33m;\u001b[39m\n     \u001b[90m    |\u001b[39m                               \u001b[31m\u001b[1m^\u001b[22m\u001b[39m\n     \u001b[90m 43 |\u001b[39m       expect(response\u001b[33m.\u001b[39mbody\u001b[33m.\u001b[39mdata)\u001b[33m.\u001b[39mtoEqual([])\u001b[33m;\u001b[39m\n     \u001b[90m 44 |\u001b[39m     })\u001b[33m;\u001b[39m\n     \u001b[90m 45 |\u001b[39m   })\u001b[33m;\u001b[39m\u001b[0m\n\n      at Object.<anonymous> (src/tests/09-orders.test.ts:42:31)\n\n  ● Order Lifecycle API (Module 06) › GET /api/v1/orders/:id › should return deep nested order details (Happy Path)\n\n    expect(received).toBe(expected) // Object.is equality\n\n    Expected: 200\n    Received: 403\n\n    \u001b[0m \u001b[90m 69 |\u001b[39m         \u001b[33m.\u001b[39m\u001b[36mset\u001b[39m(\u001b[32m'Authorization'\u001b[39m\u001b[33m,\u001b[39m \u001b[32m`Bearer ${managerToken}`\u001b[39m)\u001b[33m;\u001b[39m\n     \u001b[90m 70 |\u001b[39m\n    \u001b[31m\u001b[1m>\u001b[22m\u001b[39m\u001b[90m 71 |\u001b[39m       expect(response\u001b[33m.\u001b[39mstatus)\u001b[33m.\u001b[39mtoBe(\u001b[35m200\u001b[39m)\u001b[33m;\u001b[39m\n     \u001b[90m    |\u001b[39m                               \u001b[31m\u001b[1m^\u001b[22m\u001b[39m\n     \u001b[90m 72 |\u001b[39m       expect(response\u001b[33m.\u001b[39mbody\u001b[33m.\u001b[39msuccess)\u001b[33m.\u001b[39mtoBe(\u001b[36mtrue\u001b[39m)\u001b[33m;\u001b[39m\n     \u001b[90m 73 |\u001b[39m       expect(response\u001b[33m.\u001b[39mbody\u001b[33m.\u001b[39mdata\u001b[33m.\u001b[39mcode)\u001b[33m.\u001b[39mtoBe(\u001b[32m'ORD-2026-0088'\u001b[39m)\u001b[33m;\u001b[39m\n     \u001b[90m 74 |\u001b[39m       expect(response\u001b[33m.\u001b[39mbody\u001b[33m.\u001b[39mdata\u001b[33m.\u001b[39mcustomer)\u001b[33m.\u001b[39mtoBeDefined()\u001b[33m;\u001b[39m\u001b[0m\n\n      at Object.<anonymous> (src/tests/09-orders.test.ts:71:31)\n\n  ● Order Lifecycle API (Module 06) › GET /api/v1/orders/:id › should return 400 if ID is invalid (Bad Request)\n\n    expect(received).toBe(expected) // Object.is equality\n\n    Expected: 400\n    Received: 403\n\n    \u001b[0m \u001b[90m 80 |\u001b[39m         \u001b[33m.\u001b[39m\u001b[36mset\u001b[39m(\u001b[32m'Authorization'\u001b[39m\u001b[33m,\u001b[39m \u001b[32m`Bearer ${managerToken}`\u001b[39m)\u001b[33m;\u001b[39m\n     \u001b[90m 81 |\u001b[39m\n    \u001b[31m\u001b[1m>\u001b[22m\u001b[39m\u001b[90m 82 |\u001b[39m       expect(response\u001b[33m.\u001b[39mstatus)\u001b[33m.\u001b[39mtoBe(\u001b[35m400\u001b[39m)\u001b[33m;\u001b[39m\n     \u001b[90m    |\u001b[39m                               \u001b[31m\u001b[1m^\u001b[22m\u001b[39m\n     \u001b[90m 83 |\u001b[39m       expect(response\u001b[33m.\u001b[39mbody\u001b[33m.\u001b[39msuccess)\u001b[33m.\u001b[39mtoBe(\u001b[36mfalse\u001b[39m)\u001b[33m;\u001b[39m\n     \u001b[90m 84 |\u001b[39m     })\u001b[33m;\u001b[39m\n     \u001b[90m 85 |\u001b[39m   })\u001b[33m;\u001b[39m\u001b[0m\n\n      at Object.<anonymous> (src/tests/09-orders.test.ts:82:31)\n\n  ● Order Lifecycle API (Module 06) › POST /api/v1/orders/:id/quotations › should return 201 on successful quotation creation (Happy Path)\n\n    expect(received).toBe(expected) // Object.is equality\n\n    Expected: 201\n    Received: 403\n\n    \u001b[0m \u001b[90m  99 |\u001b[39m         })\u001b[33m;\u001b[39m\n     \u001b[90m 100 |\u001b[39m\n    \u001b[31m\u001b[1m>\u001b[22m\u001b[39m\u001b[90m 101 |\u001b[39m       expect(response\u001b[33m.\u001b[39mstatus)\u001b[33m.\u001b[39mtoBe(\u001b[35m201\u001b[39m)\u001b[33m;\u001b[39m\n     \u001b[90m     |\u001b[39m                               \u001b[31m\u001b[1m^\u001b[22m\u001b[39m\n     \u001b[90m 102 |\u001b[39m       expect(response\u001b[33m.\u001b[39mbody\u001b[33m.\u001b[39msuccess)\u001b[33m.\u001b[39mtoBe(\u001b[36mtrue\u001b[39m)\u001b[33m;\u001b[39m\n     \u001b[90m 103 |\u001b[39m       expect(prismaMock\u001b[33m.\u001b[39mquotation\u001b[33m.\u001b[39mcreate)\u001b[33m.\u001b[39mtoHaveBeenCalled()\u001b[33m;\u001b[39m\n     \u001b[90m 104 |\u001b[39m     })\u001b[33m;\u001b[39m\u001b[0m\n\n      at Object.<anonymous> (src/tests/09-orders.test.ts:101:31)\n\n  ● Order Lifecycle API (Module 06) › POST /api/v1/quotations/:id/confirm › should return 200 on successful confirmation (Happy Path)\n\n    expect(received).toBe(expected) // Object.is equality\n\n    Expected: 200\n    Received: 403\n\n    \u001b[0m \u001b[90m 115 |\u001b[39m         \u001b[33m.\u001b[39m\u001b[36mset\u001b[39m(\u001b[32m'Authorization'\u001b[39m\u001b[33m,\u001b[39m \u001b[32m`Bearer ${managerToken}`\u001b[39m)\u001b[33m;\u001b[39m\n     \u001b[90m 116 |\u001b[39m\n    \u001b[31m\u001b[1m>\u001b[22m\u001b[39m\u001b[90m 117 |\u001b[39m       expect(response\u001b[33m.\u001b[39mstatus)\u001b[33m.\u001b[39mtoBe(\u001b[35m200\u001b[39m)\u001b[33m;\u001b[39m\n     \u001b[90m     |\u001b[39m                               \u001b[31m\u001b[1m^\u001b[22m\u001b[39m\n     \u001b[90m 118 |\u001b[39m       expect(response\u001b[33m.\u001b[39mbody\u001b[33m.\u001b[39msuccess)\u001b[33m.\u001b[39mtoBe(\u001b[36mtrue\u001b[39m)\u001b[33m;\u001b[39m\n     \u001b[90m 119 |\u001b[39m     })\u001b[33m;\u001b[39m\n     \u001b[90m 120 |\u001b[39m\u001b[0m\n\n      at Object.<anonymous> (src/tests/09-orders.test.ts:117:31)\n\n  ● Order Lifecycle API (Module 06) › POST /api/v1/quotations/:id/confirm › should return 400 if quotation is already approved (Edge Case)\n\n    expect(received).toBe(expected) // Object.is equality\n\n    Expected: 400\n    Received: 403\n\n    \u001b[0m \u001b[90m 126 |\u001b[39m         \u001b[33m.\u001b[39m\u001b[36mset\u001b[39m(\u001b[32m'Authorization'\u001b[39m\u001b[33m,\u001b[39m \u001b[32m`Bearer ${managerToken}`\u001b[39m)\u001b[33m;\u001b[39m\n     \u001b[90m 127 |\u001b[39m\n    \u001b[31m\u001b[1m>\u001b[22m\u001b[39m\u001b[90m 128 |\u001b[39m       expect(response\u001b[33m.\u001b[39mstatus)\u001b[33m.\u001b[39mtoBe(\u001b[35m400\u001b[39m)\u001b[33m;\u001b[39m\n     \u001b[90m     |\u001b[39m                               \u001b[31m\u001b[1m^\u001b[22m\u001b[39m\n     \u001b[90m 129 |\u001b[39m       expect(response\u001b[33m.\u001b[39mbody\u001b[33m.\u001b[39msuccess)\u001b[33m.\u001b[39mtoBe(\u001b[36mfalse\u001b[39m)\u001b[33m;\u001b[39m\n     \u001b[90m 130 |\u001b[39m     })\u001b[33m;\u001b[39m\n     \u001b[90m 131 |\u001b[39m   })\u001b[33m;\u001b[39m\u001b[0m\n\n      at Object.<anonymous> (src/tests/09-orders.test.ts:128:31)\n","name":"C:\\Documents\\Capstone Project\\binh-nguyen-wedding-event-management-system-sep490-g83\\backend-api\\src\\tests\\09-orders.test.ts","startTime":1781934281072,"status":"failed","summary":""},{"assertionResults":[{"ancestorTitles":["Module 12: Mobile Field Ops API","GET /api/v1/my/assignments"],"duration":25,"failureDetails":[{"matcherResult":{"actual":500,"expected":200,"message":"expect(received).toBe(expected) // Object.is equality\n\nExpected: 200\nReceived: 500","name":"toBe","pass":false}}],"failureMessages":["Error: expect(received).toBe(expected) // Object.is equality\n\nExpected: 200\nReceived: 500\n    at Object.<anonymous> (C:\\Documents\\Capstone Project\\binh-nguyen-wedding-event-management-system-sep490-g83\\backend-api\\src\\tests\\12-mobile-field-ops.test.ts:13:26)\n    at processTicksAndRejections (node:internal/process/task_queues:104:5)"],"fullName":"Module 12: Mobile Field Ops API GET /api/v1/my/assignments should return 200 and list of assignments","invocations":1,"location":null,"numPassingAsserts":0,"retryReasons":[],"status":"failed","title":"should return 200 and list of assignments"},{"ancestorTitles":["Module 12: Mobile Field Ops API","PUT /api/v1/surveys/:id"],"duration":55,"failureDetails":[{"matcherResult":{"actual":403,"expected":200,"message":"expect(received).toBe(expected) // Object.is equality\n\nExpected: 200\nReceived: 403","name":"toBe","pass":false}}],"failureMessages":["Error: expect(received).toBe(expected) // Object.is equality\n\nExpected: 200\nReceived: 403\n    at Object.<anonymous> (C:\\Documents\\Capstone Project\\binh-nguyen-wedding-event-management-system-sep490-g83\\backend-api\\src\\tests\\12-mobile-field-ops.test.ts:23:26)\n    at processTicksAndRejections (node:internal/process/task_queues:104:5)"],"fullName":"Module 12: Mobile Field Ops API PUT /api/v1/surveys/:id should return 200 on saving survey draft","invocations":1,"location":null,"numPassingAsserts":0,"retryReasons":[],"status":"failed","title":"should return 200 on saving survey draft"}],"endTime":1781934287259,"message":"  ● Module 12: Mobile Field Ops API › GET /api/v1/my/assignments › should return 200 and list of assignments\n\n    expect(received).toBe(expected) // Object.is equality\n\n    Expected: 200\n    Received: 500\n\n    \u001b[0m \u001b[90m 11 |\u001b[39m       prismaMock\u001b[33m.\u001b[39massignment\u001b[33m.\u001b[39mfindMany\u001b[33m.\u001b[39mmockResolvedValue([{ id\u001b[33m:\u001b[39m \u001b[35m25\u001b[39mn }] \u001b[36mas\u001b[39m any)\u001b[33m;\u001b[39m\n     \u001b[90m 12 |\u001b[39m       \u001b[36mconst\u001b[39m res \u001b[33m=\u001b[39m \u001b[36mawait\u001b[39m request(app)\u001b[33m.\u001b[39m\u001b[36mget\u001b[39m(\u001b[32m'/api/v1/my/assignments'\u001b[39m)\u001b[33m.\u001b[39m\u001b[36mset\u001b[39m(\u001b[32m'Authorization'\u001b[39m\u001b[33m,\u001b[39m \u001b[32m`Bearer ${techToken}`\u001b[39m)\u001b[33m;\u001b[39m\n    \u001b[31m\u001b[1m>\u001b[22m\u001b[39m\u001b[90m 13 |\u001b[39m       expect(res\u001b[33m.\u001b[39mstatus)\u001b[33m.\u001b[39mtoBe(\u001b[35m200\u001b[39m)\u001b[33m;\u001b[39m\n     \u001b[90m    |\u001b[39m                          \u001b[31m\u001b[1m^\u001b[22m\u001b[39m\n     \u001b[90m 14 |\u001b[39m     })\u001b[33m;\u001b[39m\n     \u001b[90m 15 |\u001b[39m   })\u001b[33m;\u001b[39m\n     \u001b[90m 16 |\u001b[39m\u001b[0m\n\n      at Object.<anonymous> (src/tests/12-mobile-field-ops.test.ts:13:26)\n\n  ● Module 12: Mobile Field Ops API › PUT /api/v1/surveys/:id › should return 200 on saving survey draft\n\n    expect(received).toBe(expected) // Object.is equality\n\n    Expected: 200\n    Received: 403\n\n    \u001b[0m \u001b[90m 21 |\u001b[39m         \u001b[33m.\u001b[39m\u001b[36mset\u001b[39m(\u001b[32m'Authorization'\u001b[39m\u001b[33m,\u001b[39m \u001b[32m`Bearer ${techToken}`\u001b[39m)\n     \u001b[90m 22 |\u001b[39m         \u001b[33m.\u001b[39msend({ venue_notes\u001b[33m:\u001b[39m \u001b[32m'Sảnh rộng'\u001b[39m })\u001b[33m;\u001b[39m\n    \u001b[31m\u001b[1m>\u001b[22m\u001b[39m\u001b[90m 23 |\u001b[39m       expect(res\u001b[33m.\u001b[39mstatus)\u001b[33m.\u001b[39mtoBe(\u001b[35m200\u001b[39m)\u001b[33m;\u001b[39m\n     \u001b[90m    |\u001b[39m                          \u001b[31m\u001b[1m^\u001b[22m\u001b[39m\n     \u001b[90m 24 |\u001b[39m     })\u001b[33m;\u001b[39m\n     \u001b[90m 25 |\u001b[39m   })\u001b[33m;\u001b[39m\n     \u001b[90m 26 |\u001b[39m })\u001b[33m;\u001b[39m\u001b[0m\n\n      at Object.<anonymous> (src/tests/12-mobile-field-ops.test.ts:23:26)\n","name":"C:\\Documents\\Capstone Project\\binh-nguyen-wedding-event-management-system-sep490-g83\\backend-api\\src\\tests\\12-mobile-field-ops.test.ts","startTime":1781934286858,"status":"failed","summary":""},{"assertionResults":[{"ancestorTitles":["Module 05: Warehouse & Inventory API","GET /api/v1/inventory/availability"],"duration":72,"failureDetails":[{"matcherResult":{"actual":403,"expected":200,"message":"expect(received).toBe(expected) // Object.is equality\n\nExpected: 200\nReceived: 403","name":"toBe","pass":false}}],"failureMessages":["Error: expect(received).toBe(expected) // Object.is equality\n\nExpected: 200\nReceived: 403\n    at Object.<anonymous> (C:\\Documents\\Capstone Project\\binh-nguyen-wedding-event-management-system-sep490-g83\\backend-api\\src\\tests\\05-warehouse-inventory.test.ts:15:26)\n    at processTicksAndRejections (node:internal/process/task_queues:104:5)"],"fullName":"Module 05: Warehouse & Inventory API GET /api/v1/inventory/availability should return 200 and inventory status","invocations":1,"location":null,"numPassingAsserts":0,"retryReasons":[],"status":"failed","title":"should return 200 and inventory status"},{"ancestorTitles":["Module 05: Warehouse & Inventory API","POST /api/v1/orders/:id/pick-lists"],"duration":51,"failureDetails":[{"matcherResult":{"actual":403,"expected":201,"message":"expect(received).toBe(expected) // Object.is equality\n\nExpected: 201\nReceived: 403","name":"toBe","pass":false}}],"failureMessages":["Error: expect(received).toBe(expected) // Object.is equality\n\nExpected: 201\nReceived: 403\n    at Object.<anonymous> (C:\\Documents\\Capstone Project\\binh-nguyen-wedding-event-management-system-sep490-g83\\backend-api\\src\\tests\\05-warehouse-inventory.test.ts:27:26)\n    at processTicksAndRejections (node:internal/process/task_queues:104:5)"],"fullName":"Module 05: Warehouse & Inventory API POST /api/v1/orders/:id/pick-lists should return 201 on success","invocations":1,"location":null,"numPassingAsserts":0,"retryReasons":[],"status":"failed","title":"should return 201 on success"},{"ancestorTitles":["Module 05: Warehouse & Inventory API","POST /api/v1/orders/:id/confirm-return"],"duration":15,"failureDetails":[{"matcherResult":{"actual":403,"expected":200,"message":"expect(received).toBe(expected) // Object.is equality\n\nExpected: 200\nReceived: 403","name":"toBe","pass":false}}],"failureMessages":["Error: expect(received).toBe(expected) // Object.is equality\n\nExpected: 200\nReceived: 403\n    at Object.<anonymous> (C:\\Documents\\Capstone Project\\binh-nguyen-wedding-event-management-system-sep490-g83\\backend-api\\src\\tests\\05-warehouse-inventory.test.ts:37:26)\n    at processTicksAndRejections (node:internal/process/task_queues:104:5)"],"fullName":"Module 05: Warehouse & Inventory API POST /api/v1/orders/:id/confirm-return should return 200 on successful return confirmation","invocations":1,"location":null,"numPassingAsserts":0,"retryReasons":[],"status":"failed","title":"should return 200 on successful return confirmation"}],"endTime":1781934287261,"message":"  ● Module 05: Warehouse & Inventory API › GET /api/v1/inventory/availability › should return 200 and inventory status\n\n    expect(received).toBe(expected) // Object.is equality\n\n    Expected: 200\n    Received: 403\n\n    \u001b[0m \u001b[90m 13 |\u001b[39m         \u001b[33m.\u001b[39m\u001b[36mget\u001b[39m(\u001b[32m'/api/v1/inventory/availability?event_date=2026-07-01&item_ids[]=10'\u001b[39m)\n     \u001b[90m 14 |\u001b[39m         \u001b[33m.\u001b[39m\u001b[36mset\u001b[39m(\u001b[32m'Authorization'\u001b[39m\u001b[33m,\u001b[39m \u001b[32m`Bearer ${managerToken}`\u001b[39m)\u001b[33m;\u001b[39m\n    \u001b[31m\u001b[1m>\u001b[22m\u001b[39m\u001b[90m 15 |\u001b[39m       expect(res\u001b[33m.\u001b[39mstatus)\u001b[33m.\u001b[39mtoBe(\u001b[35m200\u001b[39m)\u001b[33m;\u001b[39m\n     \u001b[90m    |\u001b[39m                          \u001b[31m\u001b[1m^\u001b[22m\u001b[39m\n     \u001b[90m 16 |\u001b[39m       expect(res\u001b[33m.\u001b[39mbody\u001b[33m.\u001b[39msuccess)\u001b[33m.\u001b[39mtoBe(\u001b[36mtrue\u001b[39m)\u001b[33m;\u001b[39m\n     \u001b[90m 17 |\u001b[39m     })\u001b[33m;\u001b[39m\n     \u001b[90m 18 |\u001b[39m   })\u001b[33m;\u001b[39m\u001b[0m\n\n      at Object.<anonymous> (src/tests/05-warehouse-inventory.test.ts:15:26)\n\n  ● Module 05: Warehouse & Inventory API › POST /api/v1/orders/:id/pick-lists › should return 201 on success\n\n    expect(received).toBe(expected) // Object.is equality\n\n    Expected: 201\n    Received: 403\n\n    \u001b[0m \u001b[90m 25 |\u001b[39m         \u001b[33m.\u001b[39m\u001b[36mset\u001b[39m(\u001b[32m'Authorization'\u001b[39m\u001b[33m,\u001b[39m \u001b[32m`Bearer ${managerToken}`\u001b[39m)\n     \u001b[90m 26 |\u001b[39m         \u001b[33m.\u001b[39msend({ assignment_id\u001b[33m:\u001b[39m \u001b[35m25\u001b[39m\u001b[33m,\u001b[39m warehouse_id\u001b[33m:\u001b[39m \u001b[35m1\u001b[39m\u001b[33m,\u001b[39m items\u001b[33m:\u001b[39m [{ catalog_item_id\u001b[33m:\u001b[39m \u001b[35m10\u001b[39m\u001b[33m,\u001b[39m quantity_required\u001b[33m:\u001b[39m \u001b[35m4\u001b[39m }] })\u001b[33m;\u001b[39m\n    \u001b[31m\u001b[1m>\u001b[22m\u001b[39m\u001b[90m 27 |\u001b[39m       expect(res\u001b[33m.\u001b[39mstatus)\u001b[33m.\u001b[39mtoBe(\u001b[35m201\u001b[39m)\u001b[33m;\u001b[39m\n     \u001b[90m    |\u001b[39m                          \u001b[31m\u001b[1m^\u001b[22m\u001b[39m\n     \u001b[90m 28 |\u001b[39m     })\u001b[33m;\u001b[39m\n     \u001b[90m 29 |\u001b[39m   })\u001b[33m;\u001b[39m\n     \u001b[90m 30 |\u001b[39m\u001b[0m\n\n      at Object.<anonymous> (src/tests/05-warehouse-inventory.test.ts:27:26)\n\n  ● Module 05: Warehouse & Inventory API › POST /api/v1/orders/:id/confirm-return › should return 200 on successful return confirmation\n\n    expect(received).toBe(expected) // Object.is equality\n\n    Expected: 200\n    Received: 403\n\n    \u001b[0m \u001b[90m 35 |\u001b[39m         \u001b[33m.\u001b[39mpost(\u001b[32m'/api/v1/orders/10/confirm-return'\u001b[39m)\n     \u001b[90m 36 |\u001b[39m         \u001b[33m.\u001b[39m\u001b[36mset\u001b[39m(\u001b[32m'Authorization'\u001b[39m\u001b[33m,\u001b[39m \u001b[32m`Bearer ${managerToken}`\u001b[39m)\u001b[33m;\u001b[39m\n    \u001b[31m\u001b[1m>\u001b[22m\u001b[39m\u001b[90m 37 |\u001b[39m       expect(res\u001b[33m.\u001b[39mstatus)\u001b[33m.\u001b[39mtoBe(\u001b[35m200\u001b[39m)\u001b[33m;\u001b[39m\n     \u001b[90m    |\u001b[39m                          \u001b[31m\u001b[1m^\u001b[22m\u001b[39m\n     \u001b[90m 38 |\u001b[39m     })\u001b[33m;\u001b[39m\n     \u001b[90m 39 |\u001b[39m   })\u001b[33m;\u001b[39m\n     \u001b[90m 40 |\u001b[39m })\u001b[33m;\u001b[39m\u001b[0m\n\n      at Object.<anonymous> (src/tests/05-warehouse-inventory.test.ts:37:26)\n","name":"C:\\Documents\\Capstone Project\\binh-nguyen-wedding-event-management-system-sep490-g83\\backend-api\\src\\tests\\05-warehouse-inventory.test.ts","startTime":1781934281039,"status":"failed","summary":""},{"assertionResults":[{"ancestorTitles":["Settlement API (Module 10)","POST /api/v1/settlements"],"duration":126,"failureDetails":[{"matcherResult":{"actual":403,"expected":201,"message":"expect(received).toBe(expected) // Object.is equality\n\nExpected: 201\nReceived: 403","name":"toBe","pass":false}}],"failureMessages":["Error: expect(received).toBe(expected) // Object.is equality\n\nExpected: 201\nReceived: 403\n    at Object.<anonymous> (C:\\Documents\\Capstone Project\\binh-nguyen-wedding-event-management-system-sep490-g83\\backend-api\\src\\tests\\11-payments-settlement.test.ts:24:31)\n    at processTicksAndRejections (node:internal/process/task_queues:104:5)"],"fullName":"Settlement API (Module 10) POST /api/v1/settlements should return 201 on successful settlement creation (Happy Path)","invocations":1,"location":null,"numPassingAsserts":0,"retryReasons":[],"status":"failed","title":"should return 201 on successful settlement creation (Happy Path)"},{"ancestorTitles":["Settlement API (Module 10)","POST /api/v1/settlements"],"duration":39,"failureDetails":[{"matcherResult":{"actual":403,"expected":400,"message":"expect(received).toBe(expected) // Object.is equality\n\nExpected: 400\nReceived: 403","name":"toBe","pass":false}}],"failureMessages":["Error: expect(received).toBe(expected) // Object.is equality\n\nExpected: 400\nReceived: 403\n    at Object.<anonymous> (C:\\Documents\\Capstone Project\\binh-nguyen-wedding-event-management-system-sep490-g83\\backend-api\\src\\tests\\11-payments-settlement.test.ts:37:31)\n    at processTicksAndRejections (node:internal/process/task_queues:104:5)"],"fullName":"Settlement API (Module 10) POST /api/v1/settlements should return 400 if totalFinalAmount is missing or negative (Bad Request)","invocations":1,"location":null,"numPassingAsserts":0,"retryReasons":[],"status":"failed","title":"should return 400 if totalFinalAmount is missing or negative (Bad Request)"},{"ancestorTitles":["Settlement API (Module 10)","POST /api/v1/settlements/:id/submit-approval"],"duration":35,"failureDetails":[{"matcherResult":{"actual":403,"expected":200,"message":"expect(received).toBe(expected) // Object.is equality\n\nExpected: 200\nReceived: 403","name":"toBe","pass":false}}],"failureMessages":["Error: expect(received).toBe(expected) // Object.is equality\n\nExpected: 200\nReceived: 403\n    at Object.<anonymous> (C:\\Documents\\Capstone Project\\binh-nguyen-wedding-event-management-system-sep490-g83\\backend-api\\src\\tests\\11-payments-settlement.test.ts:51:31)\n    at processTicksAndRejections (node:internal/process/task_queues:104:5)"],"fullName":"Settlement API (Module 10) POST /api/v1/settlements/:id/submit-approval should return 200 on successful submission (Happy Path)","invocations":1,"location":null,"numPassingAsserts":0,"retryReasons":[],"status":"failed","title":"should return 200 on successful submission (Happy Path)"},{"ancestorTitles":["Settlement API (Module 10)","POST /api/v1/settlements/:id/submit-approval"],"duration":19,"failureDetails":[{"matcherResult":{"actual":403,"expected":400,"message":"expect(received).toBe(expected) // Object.is equality\n\nExpected: 400\nReceived: 403","name":"toBe","pass":false}}],"failureMessages":["Error: expect(received).toBe(expected) // Object.is equality\n\nExpected: 400\nReceived: 403\n    at Object.<anonymous> (C:\\Documents\\Capstone Project\\binh-nguyen-wedding-event-management-system-sep490-g83\\backend-api\\src\\tests\\11-payments-settlement.test.ts:62:31)\n    at processTicksAndRejections (node:internal/process/task_queues:104:5)"],"fullName":"Settlement API (Module 10) POST /api/v1/settlements/:id/submit-approval should return 400 if settlement already submitted or approved (Edge Case)","invocations":1,"location":null,"numPassingAsserts":0,"retryReasons":[],"status":"failed","title":"should return 400 if settlement already submitted or approved (Edge Case)"}],"endTime":1781934287287,"message":"  ● Settlement API (Module 10) › POST /api/v1/settlements › should return 201 on successful settlement creation (Happy Path)\n\n    expect(received).toBe(expected) // Object.is equality\n\n    Expected: 201\n    Received: 403\n\n    \u001b[0m \u001b[90m 22 |\u001b[39m         })\u001b[33m;\u001b[39m\n     \u001b[90m 23 |\u001b[39m\n    \u001b[31m\u001b[1m>\u001b[22m\u001b[39m\u001b[90m 24 |\u001b[39m       expect(response\u001b[33m.\u001b[39mstatus)\u001b[33m.\u001b[39mtoBe(\u001b[35m201\u001b[39m)\u001b[33m;\u001b[39m\n     \u001b[90m    |\u001b[39m                               \u001b[31m\u001b[1m^\u001b[22m\u001b[39m\n     \u001b[90m 25 |\u001b[39m       expect(response\u001b[33m.\u001b[39mbody\u001b[33m.\u001b[39msuccess)\u001b[33m.\u001b[39mtoBe(\u001b[36mtrue\u001b[39m)\u001b[33m;\u001b[39m\n     \u001b[90m 26 |\u001b[39m     })\u001b[33m;\u001b[39m\n     \u001b[90m 27 |\u001b[39m\u001b[0m\n\n      at Object.<anonymous> (src/tests/11-payments-settlement.test.ts:24:31)\n\n  ● Settlement API (Module 10) › POST /api/v1/settlements › should return 400 if totalFinalAmount is missing or negative (Bad Request)\n\n    expect(received).toBe(expected) // Object.is equality\n\n    Expected: 400\n    Received: 403\n\n    \u001b[0m \u001b[90m 35 |\u001b[39m         })\u001b[33m;\u001b[39m\n     \u001b[90m 36 |\u001b[39m\n    \u001b[31m\u001b[1m>\u001b[22m\u001b[39m\u001b[90m 37 |\u001b[39m       expect(response\u001b[33m.\u001b[39mstatus)\u001b[33m.\u001b[39mtoBe(\u001b[35m400\u001b[39m)\u001b[33m;\u001b[39m\n     \u001b[90m    |\u001b[39m                               \u001b[31m\u001b[1m^\u001b[22m\u001b[39m\n     \u001b[90m 38 |\u001b[39m       expect(response\u001b[33m.\u001b[39mbody\u001b[33m.\u001b[39msuccess)\u001b[33m.\u001b[39mtoBe(\u001b[36mfalse\u001b[39m)\u001b[33m;\u001b[39m\n     \u001b[90m 39 |\u001b[39m     })\u001b[33m;\u001b[39m\n     \u001b[90m 40 |\u001b[39m   })\u001b[33m;\u001b[39m\u001b[0m\n\n      at Object.<anonymous> (src/tests/11-payments-settlement.test.ts:37:31)\n\n  ● Settlement API (Module 10) › POST /api/v1/settlements/:id/submit-approval › should return 200 on successful submission (Happy Path)\n\n    expect(received).toBe(expected) // Object.is equality\n\n    Expected: 200\n    Received: 403\n\n    \u001b[0m \u001b[90m 49 |\u001b[39m         \u001b[33m.\u001b[39m\u001b[36mset\u001b[39m(\u001b[32m'Authorization'\u001b[39m\u001b[33m,\u001b[39m \u001b[32m`Bearer ${managerToken}`\u001b[39m)\u001b[33m;\u001b[39m\n     \u001b[90m 50 |\u001b[39m\n    \u001b[31m\u001b[1m>\u001b[22m\u001b[39m\u001b[90m 51 |\u001b[39m       expect(response\u001b[33m.\u001b[39mstatus)\u001b[33m.\u001b[39mtoBe(\u001b[35m200\u001b[39m)\u001b[33m;\u001b[39m\n     \u001b[90m    |\u001b[39m                               \u001b[31m\u001b[1m^\u001b[22m\u001b[39m\n     \u001b[90m 52 |\u001b[39m       expect(response\u001b[33m.\u001b[39mbody\u001b[33m.\u001b[39msuccess)\u001b[33m.\u001b[39mtoBe(\u001b[36mtrue\u001b[39m)\u001b[33m;\u001b[39m\n     \u001b[90m 53 |\u001b[39m     })\u001b[33m;\u001b[39m\n     \u001b[90m 54 |\u001b[39m\u001b[0m\n\n      at Object.<anonymous> (src/tests/11-payments-settlement.test.ts:51:31)\n\n  ● Settlement API (Module 10) › POST /api/v1/settlements/:id/submit-approval › should return 400 if settlement already submitted or approved (Edge Case)\n\n    expect(received).toBe(expected) // Object.is equality\n\n    Expected: 400\n    Received: 403\n\n    \u001b[0m \u001b[90m 60 |\u001b[39m         \u001b[33m.\u001b[39m\u001b[36mset\u001b[39m(\u001b[32m'Authorization'\u001b[39m\u001b[33m,\u001b[39m \u001b[32m`Bearer ${managerToken}`\u001b[39m)\u001b[33m;\u001b[39m\n     \u001b[90m 61 |\u001b[39m\n    \u001b[31m\u001b[1m>\u001b[22m\u001b[39m\u001b[90m 62 |\u001b[39m       expect(response\u001b[33m.\u001b[39mstatus)\u001b[33m.\u001b[39mtoBe(\u001b[35m400\u001b[39m)\u001b[33m;\u001b[39m\n     \u001b[90m    |\u001b[39m                               \u001b[31m\u001b[1m^\u001b[22m\u001b[39m\n     \u001b[90m 63 |\u001b[39m       expect(response\u001b[33m.\u001b[39mbody\u001b[33m.\u001b[39msuccess)\u001b[33m.\u001b[39mtoBe(\u001b[36mfalse\u001b[39m)\u001b[33m;\u001b[39m\n     \u001b[90m 64 |\u001b[39m     })\u001b[33m;\u001b[39m\n     \u001b[90m 65 |\u001b[39m   })\u001b[33m;\u001b[39m\u001b[0m\n\n      at Object.<anonymous> (src/tests/11-payments-settlement.test.ts:62:31)\n","name":"C:\\Documents\\Capstone Project\\binh-nguyen-wedding-event-management-system-sep490-g83\\backend-api\\src\\tests\\11-payments-settlement.test.ts","startTime":1781934281086,"status":"failed","summary":""},{"assertionResults":[{"ancestorTitles":["Module 08: Quotations API","GET /api/v1/quotations/:id"],"duration":70,"failureDetails":[{"matcherResult":{"actual":403,"expected":200,"message":"expect(received).toBe(expected) // Object.is equality\n\nExpected: 200\nReceived: 403","name":"toBe","pass":false}}],"failureMessages":["Error: expect(received).toBe(expected) // Object.is equality\n\nExpected: 200\nReceived: 403\n    at Object.<anonymous> (C:\\Documents\\Capstone Project\\binh-nguyen-wedding-event-management-system-sep490-g83\\backend-api\\src\\tests\\08-quotations.test.ts:13:26)\n    at processTicksAndRejections (node:internal/process/task_queues:104:5)"],"fullName":"Module 08: Quotations API GET /api/v1/quotations/:id should return 200 and quotation details","invocations":1,"location":null,"numPassingAsserts":0,"retryReasons":[],"status":"failed","title":"should return 200 and quotation details"},{"ancestorTitles":["Module 08: Quotations API","POST /api/v1/orders/:orderId/quotations"],"duration":36,"failureDetails":[{"matcherResult":{"actual":403,"expected":201,"message":"expect(received).toBe(expected) // Object.is equality\n\nExpected: 201\nReceived: 403","name":"toBe","pass":false}}],"failureMessages":["Error: expect(received).toBe(expected) // Object.is equality\n\nExpected: 201\nReceived: 403\n    at Object.<anonymous> (C:\\Documents\\Capstone Project\\binh-nguyen-wedding-event-management-system-sep490-g83\\backend-api\\src\\tests\\08-quotations.test.ts:24:26)\n    at processTicksAndRejections (node:internal/process/task_queues:104:5)"],"fullName":"Module 08: Quotations API POST /api/v1/orders/:orderId/quotations should return 201 on success","invocations":1,"location":null,"numPassingAsserts":0,"retryReasons":[],"status":"failed","title":"should return 201 on success"},{"ancestorTitles":["Module 08: Quotations API","PUT /api/v1/quotations/:id"],"duration":12,"failureDetails":[{"matcherResult":{"actual":403,"expected":200,"message":"expect(received).toBe(expected) // Object.is equality\n\nExpected: 200\nReceived: 403","name":"toBe","pass":false}}],"failureMessages":["Error: expect(received).toBe(expected) // Object.is equality\n\nExpected: 200\nReceived: 403\n    at Object.<anonymous> (C:\\Documents\\Capstone Project\\binh-nguyen-wedding-event-management-system-sep490-g83\\backend-api\\src\\tests\\08-quotations.test.ts:35:26)\n    at processTicksAndRejections (node:internal/process/task_queues:104:5)"],"fullName":"Module 08: Quotations API PUT /api/v1/quotations/:id should return 200 on update success","invocations":1,"location":null,"numPassingAsserts":0,"retryReasons":[],"status":"failed","title":"should return 200 on update success"},{"ancestorTitles":["Module 08: Quotations API","POST /api/v1/quotations/:id/approve"],"duration":13,"failureDetails":[{"matcherResult":{"actual":403,"expected":200,"message":"expect(received).toBe(expected) // Object.is equality\n\nExpected: 200\nReceived: 403","name":"toBe","pass":false}}],"failureMessages":["Error: expect(received).toBe(expected) // Object.is equality\n\nExpected: 200\nReceived: 403\n    at Object.<anonymous> (C:\\Documents\\Capstone Project\\binh-nguyen-wedding-event-management-system-sep490-g83\\backend-api\\src\\tests\\08-quotations.test.ts:45:26)\n    at processTicksAndRejections (node:internal/process/task_queues:104:5)"],"fullName":"Module 08: Quotations API POST /api/v1/quotations/:id/approve should return 200 on approval success","invocations":1,"location":null,"numPassingAsserts":0,"retryReasons":[],"status":"failed","title":"should return 200 on approval success"}],"endTime":1781934287297,"message":"  ● Module 08: Quotations API › GET /api/v1/quotations/:id › should return 200 and quotation details\n\n    expect(received).toBe(expected) // Object.is equality\n\n    Expected: 200\n    Received: 403\n\n    \u001b[0m \u001b[90m 11 |\u001b[39m       prismaMock\u001b[33m.\u001b[39mquotation\u001b[33m.\u001b[39mfindUnique\u001b[33m.\u001b[39mmockResolvedValue({ id\u001b[33m:\u001b[39m \u001b[35m30\u001b[39mn\u001b[33m,\u001b[39m order_id\u001b[33m:\u001b[39m \u001b[35m10\u001b[39mn } \u001b[36mas\u001b[39m any)\u001b[33m;\u001b[39m\n     \u001b[90m 12 |\u001b[39m       \u001b[36mconst\u001b[39m res \u001b[33m=\u001b[39m \u001b[36mawait\u001b[39m request(app)\u001b[33m.\u001b[39m\u001b[36mget\u001b[39m(\u001b[32m'/api/v1/quotations/30'\u001b[39m)\u001b[33m.\u001b[39m\u001b[36mset\u001b[39m(\u001b[32m'Authorization'\u001b[39m\u001b[33m,\u001b[39m \u001b[32m`Bearer ${managerToken}`\u001b[39m)\u001b[33m;\u001b[39m\n    \u001b[31m\u001b[1m>\u001b[22m\u001b[39m\u001b[90m 13 |\u001b[39m       expect(res\u001b[33m.\u001b[39mstatus)\u001b[33m.\u001b[39mtoBe(\u001b[35m200\u001b[39m)\u001b[33m;\u001b[39m\n     \u001b[90m    |\u001b[39m                          \u001b[31m\u001b[1m^\u001b[22m\u001b[39m\n     \u001b[90m 14 |\u001b[39m     })\u001b[33m;\u001b[39m\n     \u001b[90m 15 |\u001b[39m   })\u001b[33m;\u001b[39m\n     \u001b[90m 16 |\u001b[39m\u001b[0m\n\n      at Object.<anonymous> (src/tests/08-quotations.test.ts:13:26)\n\n  ● Module 08: Quotations API › POST /api/v1/orders/:orderId/quotations › should return 201 on success\n\n    expect(received).toBe(expected) // Object.is equality\n\n    Expected: 201\n    Received: 403\n\n    \u001b[0m \u001b[90m 22 |\u001b[39m         \u001b[33m.\u001b[39m\u001b[36mset\u001b[39m(\u001b[32m'Authorization'\u001b[39m\u001b[33m,\u001b[39m \u001b[32m`Bearer ${managerToken}`\u001b[39m)\n     \u001b[90m 23 |\u001b[39m         \u001b[33m.\u001b[39msend({ discount_amount\u001b[33m:\u001b[39m \u001b[35m200000\u001b[39m\u001b[33m,\u001b[39m notes\u001b[33m:\u001b[39m \u001b[32m'Báo giá lần 1'\u001b[39m\u001b[33m,\u001b[39m lines\u001b[33m:\u001b[39m [{ catalog_item_id\u001b[33m:\u001b[39m \u001b[35m10\u001b[39m\u001b[33m,\u001b[39m quantity\u001b[33m:\u001b[39m \u001b[35m4\u001b[39m\u001b[33m,\u001b[39m unit_price\u001b[33m:\u001b[39m \u001b[35m500000\u001b[39m }] })\u001b[33m;\u001b[39m\n    \u001b[31m\u001b[1m>\u001b[22m\u001b[39m\u001b[90m 24 |\u001b[39m       expect(res\u001b[33m.\u001b[39mstatus)\u001b[33m.\u001b[39mtoBe(\u001b[35m201\u001b[39m)\u001b[33m;\u001b[39m\n     \u001b[90m    |\u001b[39m                          \u001b[31m\u001b[1m^\u001b[22m\u001b[39m\n     \u001b[90m 25 |\u001b[39m     })\u001b[33m;\u001b[39m\n     \u001b[90m 26 |\u001b[39m   })\u001b[33m;\u001b[39m\n     \u001b[90m 27 |\u001b[39m\u001b[0m\n\n      at Object.<anonymous> (src/tests/08-quotations.test.ts:24:26)\n\n  ● Module 08: Quotations API › PUT /api/v1/quotations/:id › should return 200 on update success\n\n    expect(received).toBe(expected) // Object.is equality\n\n    Expected: 200\n    Received: 403\n\n    \u001b[0m \u001b[90m 33 |\u001b[39m         \u001b[33m.\u001b[39m\u001b[36mset\u001b[39m(\u001b[32m'Authorization'\u001b[39m\u001b[33m,\u001b[39m \u001b[32m`Bearer ${managerToken}`\u001b[39m)\n     \u001b[90m 34 |\u001b[39m         \u001b[33m.\u001b[39msend({ discount_amount\u001b[33m:\u001b[39m \u001b[35m0\u001b[39m\u001b[33m,\u001b[39m notes\u001b[33m:\u001b[39m \u001b[32m'Khách bỏ bớt'\u001b[39m\u001b[33m,\u001b[39m lines\u001b[33m:\u001b[39m [{ catalog_item_id\u001b[33m:\u001b[39m \u001b[35m10\u001b[39m\u001b[33m,\u001b[39m quantity\u001b[33m:\u001b[39m \u001b[35m4\u001b[39m\u001b[33m,\u001b[39m unit_price\u001b[33m:\u001b[39m \u001b[35m500000\u001b[39m }] })\u001b[33m;\u001b[39m\n    \u001b[31m\u001b[1m>\u001b[22m\u001b[39m\u001b[90m 35 |\u001b[39m       expect(res\u001b[33m.\u001b[39mstatus)\u001b[33m.\u001b[39mtoBe(\u001b[35m200\u001b[39m)\u001b[33m;\u001b[39m\n     \u001b[90m    |\u001b[39m                          \u001b[31m\u001b[1m^\u001b[22m\u001b[39m\n     \u001b[90m 36 |\u001b[39m     })\u001b[33m;\u001b[39m\n     \u001b[90m 37 |\u001b[39m   })\u001b[33m;\u001b[39m\n     \u001b[90m 38 |\u001b[39m\u001b[0m\n\n      at Object.<anonymous> (src/tests/08-quotations.test.ts:35:26)\n\n  ● Module 08: Quotations API › POST /api/v1/quotations/:id/approve › should return 200 on approval success\n\n    expect(received).toBe(expected) // Object.is equality\n\n    Expected: 200\n    Received: 403\n\n    \u001b[0m \u001b[90m 43 |\u001b[39m         \u001b[33m.\u001b[39mpost(\u001b[32m'/api/v1/quotations/31/approve'\u001b[39m)\n     \u001b[90m 44 |\u001b[39m         \u001b[33m.\u001b[39m\u001b[36mset\u001b[39m(\u001b[32m'Authorization'\u001b[39m\u001b[33m,\u001b[39m \u001b[32m`Bearer ${managerToken}`\u001b[39m)\u001b[33m;\u001b[39m\n    \u001b[31m\u001b[1m>\u001b[22m\u001b[39m\u001b[90m 45 |\u001b[39m       expect(res\u001b[33m.\u001b[39mstatus)\u001b[33m.\u001b[39mtoBe(\u001b[35m200\u001b[39m)\u001b[33m;\u001b[39m\n     \u001b[90m    |\u001b[39m                          \u001b[31m\u001b[1m^\u001b[22m\u001b[39m\n     \u001b[90m 46 |\u001b[39m     })\u001b[33m;\u001b[39m\n     \u001b[90m 47 |\u001b[39m   })\u001b[33m;\u001b[39m\n     \u001b[90m 48 |\u001b[39m })\u001b[33m;\u001b[39m\u001b[0m\n\n      at Object.<anonymous> (src/tests/08-quotations.test.ts:45:26)\n","name":"C:\\Documents\\Capstone Project\\binh-nguyen-wedding-event-management-system-sep490-g83\\backend-api\\src\\tests\\08-quotations.test.ts","startTime":1781934281072,"status":"failed","summary":""},{"assertionResults":[{"ancestorTitles":["Module 10: Survey & Assignment API","POST /api/v1/orders/:id/surveys"],"duration":89,"failureDetails":[{"matcherResult":{"actual":403,"expected":201,"message":"expect(received).toBe(expected) // Object.is equality\n\nExpected: 201\nReceived: 403","name":"toBe","pass":false}}],"failureMessages":["Error: expect(received).toBe(expected) // Object.is equality\n\nExpected: 201\nReceived: 403\n    at Object.<anonymous> (C:\\Documents\\Capstone Project\\binh-nguyen-wedding-event-management-system-sep490-g83\\backend-api\\src\\tests\\10-survey-assignment.test.ts:15:26)\n    at processTicksAndRejections (node:internal/process/task_queues:104:5)"],"fullName":"Module 10: Survey & Assignment API POST /api/v1/orders/:id/surveys should return 201 on scheduling survey","invocations":1,"location":null,"numPassingAsserts":0,"retryReasons":[],"status":"failed","title":"should return 201 on scheduling survey"},{"ancestorTitles":["Module 10: Survey & Assignment API","POST /api/v1/orders/:id/assignments"],"duration":31,"failureDetails":[{"matcherResult":{"actual":403,"expected":201,"message":"expect(received).toBe(expected) // Object.is equality\n\nExpected: 201\nReceived: 403","name":"toBe","pass":false}}],"failureMessages":["Error: expect(received).toBe(expected) // Object.is equality\n\nExpected: 201\nReceived: 403\n    at Object.<anonymous> (C:\\Documents\\Capstone Project\\binh-nguyen-wedding-event-management-system-sep490-g83\\backend-api\\src\\tests\\10-survey-assignment.test.ts:25:26)\n    at processTicksAndRejections (node:internal/process/task_queues:104:5)"],"fullName":"Module 10: Survey & Assignment API POST /api/v1/orders/:id/assignments should return 201 on assigning staff","invocations":1,"location":null,"numPassingAsserts":0,"retryReasons":[],"status":"failed","title":"should return 201 on assigning staff"},{"ancestorTitles":["Module 10: Survey & Assignment API","POST /api/v1/attendance/:id/verify"],"duration":17,"failureDetails":[{"matcherResult":{"actual":403,"expected":200,"message":"expect(received).toBe(expected) // Object.is equality\n\nExpected: 200\nReceived: 403","name":"toBe","pass":false}}],"failureMessages":["Error: expect(received).toBe(expected) // Object.is equality\n\nExpected: 200\nReceived: 403\n    at Object.<anonymous> (C:\\Documents\\Capstone Project\\binh-nguyen-wedding-event-management-system-sep490-g83\\backend-api\\src\\tests\\10-survey-assignment.test.ts:34:26)\n    at processTicksAndRejections (node:internal/process/task_queues:104:5)"],"fullName":"Module 10: Survey & Assignment API POST /api/v1/attendance/:id/verify should return 200 on verifying attendance","invocations":1,"location":null,"numPassingAsserts":0,"retryReasons":[],"status":"failed","title":"should return 200 on verifying attendance"},{"ancestorTitles":["Module 10: Survey & Assignment API","POST /api/v1/handovers/:id/confirm"],"duration":13,"failureDetails":[{"matcherResult":{"actual":403,"expected":200,"message":"expect(received).toBe(expected) // Object.is equality\n\nExpected: 200\nReceived: 403","name":"toBe","pass":false}}],"failureMessages":["Error: expect(received).toBe(expected) // Object.is equality\n\nExpected: 200\nReceived: 403\n    at Object.<anonymous> (C:\\Documents\\Capstone Project\\binh-nguyen-wedding-event-management-system-sep490-g83\\backend-api\\src\\tests\\10-survey-assignment.test.ts:44:26)\n    at processTicksAndRejections (node:internal/process/task_queues:104:5)"],"fullName":"Module 10: Survey & Assignment API POST /api/v1/handovers/:id/confirm should return 200 on confirming handover","invocations":1,"location":null,"numPassingAsserts":0,"retryReasons":[],"status":"failed","title":"should return 200 on confirming handover"}],"endTime":1781934287323,"message":"  ● Module 10: Survey & Assignment API › POST /api/v1/orders/:id/surveys › should return 201 on scheduling survey\n\n    expect(received).toBe(expected) // Object.is equality\n\n    Expected: 201\n    Received: 403\n\n    \u001b[0m \u001b[90m 13 |\u001b[39m         \u001b[33m.\u001b[39m\u001b[36mset\u001b[39m(\u001b[32m'Authorization'\u001b[39m\u001b[33m,\u001b[39m \u001b[32m`Bearer ${managerToken}`\u001b[39m)\n     \u001b[90m 14 |\u001b[39m         \u001b[33m.\u001b[39msend({ survey_date\u001b[33m:\u001b[39m \u001b[32m'2026-06-25'\u001b[39m\u001b[33m,\u001b[39m surveyed_by\u001b[33m:\u001b[39m \u001b[35m12\u001b[39m })\u001b[33m;\u001b[39m\n    \u001b[31m\u001b[1m>\u001b[22m\u001b[39m\u001b[90m 15 |\u001b[39m       expect(res\u001b[33m.\u001b[39mstatus)\u001b[33m.\u001b[39mtoBe(\u001b[35m201\u001b[39m)\u001b[33m;\u001b[39m\n     \u001b[90m    |\u001b[39m                          \u001b[31m\u001b[1m^\u001b[22m\u001b[39m\n     \u001b[90m 16 |\u001b[39m     })\u001b[33m;\u001b[39m\n     \u001b[90m 17 |\u001b[39m   })\u001b[33m;\u001b[39m\n     \u001b[90m 18 |\u001b[39m\u001b[0m\n\n      at Object.<anonymous> (src/tests/10-survey-assignment.test.ts:15:26)\n\n  ● Module 10: Survey & Assignment API › POST /api/v1/orders/:id/assignments › should return 201 on assigning staff\n\n    expect(received).toBe(expected) // Object.is equality\n\n    Expected: 201\n    Received: 403\n\n    \u001b[0m \u001b[90m 23 |\u001b[39m         \u001b[33m.\u001b[39m\u001b[36mset\u001b[39m(\u001b[32m'Authorization'\u001b[39m\u001b[33m,\u001b[39m \u001b[32m`Bearer ${managerToken}`\u001b[39m)\n     \u001b[90m 24 |\u001b[39m         \u001b[33m.\u001b[39msend({ user_id\u001b[33m:\u001b[39m \u001b[35m12\u001b[39m\u001b[33m,\u001b[39m assigned_date\u001b[33m:\u001b[39m \u001b[32m'2026-07-01'\u001b[39m\u001b[33m,\u001b[39m session_type\u001b[33m:\u001b[39m \u001b[32m'morning'\u001b[39m\u001b[33m,\u001b[39m role_in_event\u001b[33m:\u001b[39m \u001b[32m'Thợ chính'\u001b[39m })\u001b[33m;\u001b[39m\n    \u001b[31m\u001b[1m>\u001b[22m\u001b[39m\u001b[90m 25 |\u001b[39m       expect(res\u001b[33m.\u001b[39mstatus)\u001b[33m.\u001b[39mtoBe(\u001b[35m201\u001b[39m)\u001b[33m;\u001b[39m\n     \u001b[90m    |\u001b[39m                          \u001b[31m\u001b[1m^\u001b[22m\u001b[39m\n     \u001b[90m 26 |\u001b[39m     })\u001b[33m;\u001b[39m\n     \u001b[90m 27 |\u001b[39m   })\u001b[33m;\u001b[39m\n     \u001b[90m 28 |\u001b[39m\u001b[0m\n\n      at Object.<anonymous> (src/tests/10-survey-assignment.test.ts:25:26)\n\n  ● Module 10: Survey & Assignment API › POST /api/v1/attendance/:id/verify › should return 200 on verifying attendance\n\n    expect(received).toBe(expected) // Object.is equality\n\n    Expected: 200\n    Received: 403\n\n    \u001b[0m \u001b[90m 32 |\u001b[39m       \u001b[36mconst\u001b[39m res \u001b[33m=\u001b[39m \u001b[36mawait\u001b[39m request(app)\u001b[33m.\u001b[39mpost(\u001b[32m'/api/v1/attendance/60/verify'\u001b[39m)\n     \u001b[90m 33 |\u001b[39m         \u001b[33m.\u001b[39m\u001b[36mset\u001b[39m(\u001b[32m'Authorization'\u001b[39m\u001b[33m,\u001b[39m \u001b[32m`Bearer ${managerToken}`\u001b[39m)\u001b[33m;\u001b[39m\n    \u001b[31m\u001b[1m>\u001b[22m\u001b[39m\u001b[90m 34 |\u001b[39m       expect(res\u001b[33m.\u001b[39mstatus)\u001b[33m.\u001b[39mtoBe(\u001b[35m200\u001b[39m)\u001b[33m;\u001b[39m\n     \u001b[90m    |\u001b[39m                          \u001b[31m\u001b[1m^\u001b[22m\u001b[39m\n     \u001b[90m 35 |\u001b[39m     })\u001b[33m;\u001b[39m\n     \u001b[90m 36 |\u001b[39m   })\u001b[33m;\u001b[39m\n     \u001b[90m 37 |\u001b[39m   \u001b[0m\n\n      at Object.<anonymous> (src/tests/10-survey-assignment.test.ts:34:26)\n\n  ● Module 10: Survey & Assignment API › POST /api/v1/handovers/:id/confirm › should return 200 on confirming handover\n\n    expect(received).toBe(expected) // Object.is equality\n\n    Expected: 200\n    Received: 403\n\n    \u001b[0m \u001b[90m 42 |\u001b[39m         \u001b[33m.\u001b[39m\u001b[36mset\u001b[39m(\u001b[32m'Authorization'\u001b[39m\u001b[33m,\u001b[39m \u001b[32m`Bearer ${managerToken}`\u001b[39m)\n     \u001b[90m 43 |\u001b[39m         \u001b[33m.\u001b[39msend({ decision\u001b[33m:\u001b[39m \u001b[32m'confirmed'\u001b[39m\u001b[33m,\u001b[39m notes\u001b[33m:\u001b[39m \u001b[32m'OK'\u001b[39m })\u001b[33m;\u001b[39m\n    \u001b[31m\u001b[1m>\u001b[22m\u001b[39m\u001b[90m 44 |\u001b[39m       expect(res\u001b[33m.\u001b[39mstatus)\u001b[33m.\u001b[39mtoBe(\u001b[35m200\u001b[39m)\u001b[33m;\u001b[39m\n     \u001b[90m    |\u001b[39m                          \u001b[31m\u001b[1m^\u001b[22m\u001b[39m\n     \u001b[90m 45 |\u001b[39m     })\u001b[33m;\u001b[39m\n     \u001b[90m 46 |\u001b[39m   })\u001b[33m;\u001b[39m\n     \u001b[90m 47 |\u001b[39m })\u001b[33m;\u001b[39m\u001b[0m\n\n      at Object.<anonymous> (src/tests/10-survey-assignment.test.ts:44:26)\n","name":"C:\\Documents\\Capstone Project\\binh-nguyen-wedding-event-management-system-sep490-g83\\backend-api\\src\\tests\\10-survey-assignment.test.ts","startTime":1781934281111,"status":"failed","summary":""},{"assertionResults":[{"ancestorTitles":["Module 13: Reports API","GET /api/v1/dashboard/admin"],"duration":16,"failureDetails":[{"matcherResult":{"actual":403,"expected":200,"message":"expect(received).toBe(expected) // Object.is equality\n\nExpected: 200\nReceived: 403","name":"toBe","pass":false}}],"failureMessages":["Error: expect(received).toBe(expected) // Object.is equality\n\nExpected: 200\nReceived: 403\n    at Object.<anonymous> (C:\\Documents\\Capstone Project\\binh-nguyen-wedding-event-management-system-sep490-g83\\backend-api\\src\\tests\\13-reports.test.ts:13:26)\n    at processTicksAndRejections (node:internal/process/task_queues:104:5)"],"fullName":"Module 13: Reports API GET /api/v1/dashboard/admin should return 200 and KPI data","invocations":1,"location":null,"numPassingAsserts":0,"retryReasons":[],"status":"failed","title":"should return 200 and KPI data"},{"ancestorTitles":["Module 13: Reports API","GET /api/v1/reports/revenue"],"duration":10,"failureDetails":[{"matcherResult":{"actual":403,"expected":200,"message":"expect(received).toBe(expected) // Object.is equality\n\nExpected: 200\nReceived: 403","name":"toBe","pass":false}}],"failureMessages":["Error: expect(received).toBe(expected) // Object.is equality\n\nExpected: 200\nReceived: 403\n    at Object.<anonymous> (C:\\Documents\\Capstone Project\\binh-nguyen-wedding-event-management-system-sep490-g83\\backend-api\\src\\tests\\13-reports.test.ts:21:26)\n    at processTicksAndRejections (node:internal/process/task_queues:104:5)"],"fullName":"Module 13: Reports API GET /api/v1/reports/revenue should return 200 and revenue data","invocations":1,"location":null,"numPassingAsserts":0,"retryReasons":[],"status":"failed","title":"should return 200 and revenue data"}],"endTime":1781934287422,"message":"  ● Module 13: Reports API › GET /api/v1/dashboard/admin › should return 200 and KPI data\n\n    expect(received).toBe(expected) // Object.is equality\n\n    Expected: 200\n    Received: 403\n\n    \u001b[0m \u001b[90m 11 |\u001b[39m       prismaMock\u001b[33m.\u001b[39morder\u001b[33m.\u001b[39mcount\u001b[33m.\u001b[39mmockResolvedValue(\u001b[35m120\u001b[39m)\u001b[33m;\u001b[39m\n     \u001b[90m 12 |\u001b[39m       \u001b[36mconst\u001b[39m res \u001b[33m=\u001b[39m \u001b[36mawait\u001b[39m request(app)\u001b[33m.\u001b[39m\u001b[36mget\u001b[39m(\u001b[32m'/api/v1/dashboard/admin'\u001b[39m)\u001b[33m.\u001b[39m\u001b[36mset\u001b[39m(\u001b[32m'Authorization'\u001b[39m\u001b[33m,\u001b[39m \u001b[32m`Bearer ${adminToken}`\u001b[39m)\u001b[33m;\u001b[39m\n    \u001b[31m\u001b[1m>\u001b[22m\u001b[39m\u001b[90m 13 |\u001b[39m       expect(res\u001b[33m.\u001b[39mstatus)\u001b[33m.\u001b[39mtoBe(\u001b[35m200\u001b[39m)\u001b[33m;\u001b[39m\n     \u001b[90m    |\u001b[39m                          \u001b[31m\u001b[1m^\u001b[22m\u001b[39m\n     \u001b[90m 14 |\u001b[39m     })\u001b[33m;\u001b[39m\n     \u001b[90m 15 |\u001b[39m   })\u001b[33m;\u001b[39m\n     \u001b[90m 16 |\u001b[39m\u001b[0m\n\n      at Object.<anonymous> (src/tests/13-reports.test.ts:13:26)\n\n  ● Module 13: Reports API › GET /api/v1/reports/revenue › should return 200 and revenue data\n\n    expect(received).toBe(expected) // Object.is equality\n\n    Expected: 200\n    Received: 403\n\n    \u001b[0m \u001b[90m 19 |\u001b[39m       prismaMock\u001b[33m.\u001b[39mpayment\u001b[33m.\u001b[39maggregate\u001b[33m.\u001b[39mmockResolvedValue({ _sum\u001b[33m:\u001b[39m { amount\u001b[33m:\u001b[39m \u001b[35m850000000\u001b[39m } } \u001b[36mas\u001b[39m any)\u001b[33m;\u001b[39m\n     \u001b[90m 20 |\u001b[39m       \u001b[36mconst\u001b[39m res \u001b[33m=\u001b[39m \u001b[36mawait\u001b[39m request(app)\u001b[33m.\u001b[39m\u001b[36mget\u001b[39m(\u001b[32m'/api/v1/reports/revenue?from_date=2026-01-01&to_date=2026-06-30'\u001b[39m)\u001b[33m.\u001b[39m\u001b[36mset\u001b[39m(\u001b[32m'Authorization'\u001b[39m\u001b[33m,\u001b[39m \u001b[32m`Bearer ${adminToken}`\u001b[39m)\u001b[33m;\u001b[39m\n    \u001b[31m\u001b[1m>\u001b[22m\u001b[39m\u001b[90m 21 |\u001b[39m       expect(res\u001b[33m.\u001b[39mstatus)\u001b[33m.\u001b[39mtoBe(\u001b[35m200\u001b[39m)\u001b[33m;\u001b[39m\n     \u001b[90m    |\u001b[39m                          \u001b[31m\u001b[1m^\u001b[22m\u001b[39m\n     \u001b[90m 22 |\u001b[39m     })\u001b[33m;\u001b[39m\n     \u001b[90m 23 |\u001b[39m   })\u001b[33m;\u001b[39m\n     \u001b[90m 24 |\u001b[39m })\u001b[33m;\u001b[39m\u001b[0m\n\n      at Object.<anonymous> (src/tests/13-reports.test.ts:21:26)\n","name":"C:\\Documents\\Capstone Project\\binh-nguyen-wedding-event-management-system-sep490-g83\\backend-api\\src\\tests\\13-reports.test.ts","startTime":1781934287144,"status":"failed","summary":""},{"assertionResults":[{"ancestorTitles":["User API (Module 02)","GET /api/
[...]
rs should return 409 if username already exists (Edge Case)","invocations":1,"location":null,"numPassingAsserts":0,"retryReasons":[],"status":"failed","title":"should return 409 if username already exists (Edge Case)"},{"ancestorTitles":["User API (Module 02)","DELETE /api/v1/admin/users/:id"],"duration":11,"failureDetails":[{"matcherResult":{"actual":403,"expected":200,"message":"expect(received).toBe(expected) // Object.is equality\n\nExpected: 200\nReceived: 403","name":"toBe","pass":false}}],"failureMessages":["Error: expect(received).toBe(expected) // Object.is equality\n\nExpected: 200\nReceived: 403\n    at Object.<anonymous> (C:\\Documents\\Capstone Project\\binh-nguyen-wedding-event-management-system-sep490-g83\\backend-api\\src\\tests\\02-users-roles.test.ts:103:31)\n    at processTicksAndRejections (node:internal/process/task_queues:104:5)"],"fullName":"User API (Module 02) DELETE /api/v1/admin/users/:id should return 200 and soft delete user (Happy Path)","invocations":1,"location":null,"numPassingAsserts":0,"retryReasons":[],"status":"failed","title":"should return 200 and soft delete user (Happy Path)"},{"ancestorTitles":["User API (Module 02)","DELETE /api/v1/admin/users/:id"],"duration":11,"failureDetails":[{"matcherResult":{"actual":403,"expected":404,"message":"expect(received).toBe(expected) // Object.is equality\n\nExpected: 404\nReceived: 403","name":"toBe","pass":false}}],"failureMessages":["Error: expect(received).toBe(expected) // Object.is equality\n\nExpected: 404\nReceived: 403\n    at Object.<anonymous> (C:\\Documents\\Capstone Project\\binh-nguyen-wedding-event-management-system-sep490-g83\\backend-api\\src\\tests\\02-users-roles.test.ts:118:31)\n    at processTicksAndRejections (node:internal/process/task_queues:104:5)"],"fullName":"User API (Module 02) DELETE /api/v1/admin/users/:id should return 404 if user not found (Edge Case)","invocations":1,"location":null,"numPassingAsserts":0,"retryReasons":[],"status":"failed","title":"should return 404 if user not found (Edge Case)"}],"endTime":1781934287458,"message":"  ● User API (Module 02) › GET /api/v1/admin/users › should return 200 and list of users (Happy Path)\n\n    expect(received).toBe(expected) // Object.is equality\n\n    Expected: 200\n    Received: 403\n\n    \u001b[0m \u001b[90m 28 |\u001b[39m         \u001b[33m.\u001b[39m\u001b[36mset\u001b[39m(\u001b[32m'Authorization'\u001b[39m\u001b[33m,\u001b[39m \u001b[32m`Bearer ${adminToken}`\u001b[39m)\u001b[33m;\u001b[39m\n     \u001b[90m 29 |\u001b[39m\n    \u001b[31m\u001b[1m>\u001b[22m\u001b[39m\u001b[90m 30 |\u001b[39m       expect(response\u001b[33m.\u001b[39mstatus)\u001b[33m.\u001b[39mtoBe(\u001b[35m200\u001b[39m)\u001b[33m;\u001b[39m\n     \u001b[90m    |\u001b[39m                               \u001b[31m\u001b[1m^\u001b[22m\u001b[39m\n     \u001b[90m 31 |\u001b[39m       expect(response\u001b[33m.\u001b[39mbody\u001b[33m.\u001b[39msuccess)\u001b[33m.\u001b[39mtoBe(\u001b[36mtrue\u001b[39m)\u001b[33m;\u001b[39m\n     \u001b[90m 32 |\u001b[39m       expect(response\u001b[33m.\u001b[39mbody\u001b[33m.\u001b[39mdata)\u001b[33m.\u001b[39mtoBeInstanceOf(\u001b[33mArray\u001b[39m)\u001b[33m;\u001b[39m\n     \u001b[90m 33 |\u001b[39m       expect(response\u001b[33m.\u001b[39mbody\u001b[33m.\u001b[39mdata[\u001b[35m0\u001b[39m]\u001b[33m.\u001b[39musername)\u001b[33m.\u001b[39mtoBe(\u001b[32m'leader_nam'\u001b[39m)\u001b[33m;\u001b[39m\u001b[0m\n\n      at Object.<anonymous> (src/tests/02-users-roles.test.ts:30:31)\n\n  ● User API (Module 02) › GET /api/v1/admin/users › should return 400 when pagination params are invalid (Bad Request)\n\n    expect(received).toBe(expected) // Object.is equality\n\n    Expected: 400\n    Received: 403\n\n    \u001b[0m \u001b[90m 39 |\u001b[39m         \u001b[33m.\u001b[39m\u001b[36mset\u001b[39m(\u001b[32m'Authorization'\u001b[39m\u001b[33m,\u001b[39m \u001b[32m`Bearer ${adminToken}`\u001b[39m)\u001b[33m;\u001b[39m\n     \u001b[90m 40 |\u001b[39m\n    \u001b[31m\u001b[1m>\u001b[22m\u001b[39m\u001b[90m 41 |\u001b[39m       expect(response\u001b[33m.\u001b[39mstatus)\u001b[33m.\u001b[39mtoBe(\u001b[35m400\u001b[39m)\u001b[33m;\u001b[39m\n     \u001b[90m    |\u001b[39m                               \u001b[31m\u001b[1m^\u001b[22m\u001b[39m\n     \u001b[90m 42 |\u001b[39m       expect(response\u001b[33m.\u001b[39mbody\u001b[33m.\u001b[39msuccess)\u001b[33m.\u001b[39mtoBe(\u001b[36mfalse\u001b[39m)\u001b[33m;\u001b[39m\n     \u001b[90m 43 |\u001b[39m     })\u001b[33m;\u001b[39m\n     \u001b[90m 44 |\u001b[39m   })\u001b[33m;\u001b[39m\u001b[0m\n\n      at Object.<anonymous> (src/tests/02-users-roles.test.ts:41:31)\n\n  ● User API (Module 02) › POST /api/v1/admin/users › should return 201 on successful user creation (Happy Path)\n\n    expect(received).toBe(expected) // Object.is equality\n\n    Expected: 201\n    Received: 403\n\n    \u001b[0m \u001b[90m 66 |\u001b[39m         })\u001b[33m;\u001b[39m\n     \u001b[90m 67 |\u001b[39m\n    \u001b[31m\u001b[1m>\u001b[22m\u001b[39m\u001b[90m 68 |\u001b[39m       expect(response\u001b[33m.\u001b[39mstatus)\u001b[33m.\u001b[39mtoBe(\u001b[35m201\u001b[39m)\u001b[33m;\u001b[39m\n     \u001b[90m    |\u001b[39m                               \u001b[31m\u001b[1m^\u001b[22m\u001b[39m\n     \u001b[90m 69 |\u001b[39m       expect(response\u001b[33m.\u001b[39mbody\u001b[33m.\u001b[39msuccess)\u001b[33m.\u001b[39mtoBe(\u001b[36mtrue\u001b[39m)\u001b[33m;\u001b[39m\n     \u001b[90m 70 |\u001b[39m       expect(prismaMock\u001b[33m.\u001b[39muser\u001b[33m.\u001b[39mcreate)\u001b[33m.\u001b[39mtoHaveBeenCalled()\u001b[33m;\u001b[39m\n     \u001b[90m 71 |\u001b[39m     })\u001b[33m;\u001b[39m\u001b[0m\n\n      at Object.<anonymous> (src/tests/02-users-roles.test.ts:68:31)\n\n  ● User API (Module 02) › POST /api/v1/admin/users › should return 409 if username already exists (Edge Case)\n\n    expect(received).toContain(expected) // indexOf\n\n    Expected value: 403\n    Received array: [400, 409]\n\n    \u001b[0m \u001b[90m 87 |\u001b[39m\n     \u001b[90m 88 |\u001b[39m       \u001b[90m// Depends on implementation (either 400 or 409)\u001b[39m\n    \u001b[31m\u001b[1m>\u001b[22m\u001b[39m\u001b[90m 89 |\u001b[39m       expect([\u001b[35m400\u001b[39m\u001b[33m,\u001b[39m \u001b[35m409\u001b[39m])\u001b[33m.\u001b[39mtoContain(response\u001b[33m.\u001b[39mstatus)\u001b[33m;\u001b[39m\n     \u001b[90m    |\u001b[39m                          \u001b[31m\u001b[1m^\u001b[22m\u001b[39m\n     \u001b[90m 90 |\u001b[39m       expect(response\u001b[33m.\u001b[39mbody\u001b[33m.\u001b[39msuccess)\u001b[33m.\u001b[39mtoBe(\u001b[36mfalse\u001b[39m)\u001b[33m;\u001b[39m\n     \u001b[90m 91 |\u001b[39m     })\u001b[33m;\u001b[39m\n     \u001b[90m 92 |\u001b[39m   })\u001b[33m;\u001b[39m\u001b[0m\n\n      at Object.<anonymous> (src/tests/02-users-roles.test.ts:89:26)\n\n  ● User API (Module 02) › DELETE /api/v1/admin/users/:id › should return 200 and soft delete user (Happy Path)\n\n    expect(received).toBe(expected) // Object.is equality\n\n    Expected: 200\n    Received: 403\n\n    \u001b[0m \u001b[90m 101 |\u001b[39m         \u001b[33m.\u001b[39m\u001b[36mset\u001b[39m(\u001b[32m'Authorization'\u001b[39m\u001b[33m,\u001b[39m \u001b[32m`Bearer ${adminToken}`\u001b[39m)\u001b[33m;\u001b[39m\n     \u001b[90m 102 |\u001b[39m\n    \u001b[31m\u001b[1m>\u001b[22m\u001b[39m\u001b[90m 103 |\u001b[39m       expect(response\u001b[33m.\u001b[39mstatus)\u001b[33m.\u001b[39mtoBe(\u001b[35m200\u001b[39m)\u001b[33m;\u001b[39m\n     \u001b[90m     |\u001b[39m                               \u001b[31m\u001b[1m^\u001b[22m\u001b[39m\n     \u001b[90m 104 |\u001b[39m       expect(response\u001b[33m.\u001b[39mbody\u001b[33m.\u001b[39msuccess)\u001b[33m.\u001b[39mtoBe(\u001b[36mtrue\u001b[39m)\u001b[33m;\u001b[39m\n     \u001b[90m 105 |\u001b[39m       expect(prismaMock\u001b[33m.\u001b[39muser\u001b[33m.\u001b[39mupdate)\u001b[33m.\u001b[39mtoHaveBeenCalledWith(expect\u001b[33m.\u001b[39mobjectContaining({\n     \u001b[90m 106 |\u001b[39m         where\u001b[33m:\u001b[39m { id\u001b[33m:\u001b[39m \u001b[35m15\u001b[39mn }\u001b[33m,\u001b[39m\u001b[0m\n\n      at Object.<anonymous> (src/tests/02-users-roles.test.ts:103:31)\n\n  ● User API (Module 02) › DELETE /api/v1/admin/users/:id › should return 404 if user not found (Edge Case)\n\n    expect(received).toBe(expected) // Object.is equality\n\n    Expected: 404\n    Received: 403\n\n    \u001b[0m \u001b[90m 116 |\u001b[39m         \u001b[33m.\u001b[39m\u001b[36mset\u001b[39m(\u001b[32m'Authorization'\u001b[39m\u001b[33m,\u001b[39m \u001b[32m`Bearer ${adminToken}`\u001b[39m)\u001b[33m;\u001b[39m\n     \u001b[90m 117 |\u001b[39m\n    \u001b[31m\u001b[1m>\u001b[22m\u001b[39m\u001b[90m 118 |\u001b[39m       expect(response\u001b[33m.\u001b[39mstatus)\u001b[33m.\u001b[39mtoBe(\u001b[35m404\u001b[39m)\u001b[33m;\u001b[39m\n     \u001b[90m     |\u001b[39m                               \u001b[31m\u001b[1m^\u001b[22m\u001b[39m\n     \u001b[90m 119 |\u001b[39m       expect(response\u001b[33m.\u001b[39mbody\u001b[33m.\u001b[39msuccess)\u001b[33m.\u001b[39mtoBe(\u001b[36mfalse\u001b[39m)\u001b[33m;\u001b[39m\n     \u001b[90m 120 |\u001b[39m     })\u001b[33m;\u001b[39m\n     \u001b[90m 121 |\u001b[39m   })\u001b[33m;\u001b[39m\u001b[0m\n\n      at Object.<anonymous> (src/tests/02-users-roles.test.ts:118:31)\n","name":"C:\\Documents\\Capstone Project\\binh-nguyen-wedding-event-management-system-sep490-g83\\backend-api\\src\\tests\\02-users-roles.test.ts","startTime":1781934281066,"status":"failed","summary":""},{"assertionResults":[{"ancestorTitles":["Auth API (Module 01)","POST /api/v1/auth/login"],"duration":197,"failureDetails":[{"matcherResult":{"actual":400,"expected":200,"message":"expect(received).toBe(expected) // Object.is equality\n\nExpected: 200\nReceived: 400","name":"toBe","pass":false}}],"failureMessages":["Error: expect(received).toBe(expected) // Object.is equality\n\nExpected: 200\nReceived: 400\n    at Object.<anonymous> (C:\\Documents\\Capstone Project\\binh-nguyen-wedding-event-management-system-sep490-g83\\backend-api\\src\\tests\\01-auth.test.ts:46:31)\n    at processTicksAndRejections (node:internal/process/task_queues:104:5)"],"fullName":"Auth API (Module 01) POST /api/v1/auth/login should return 200 and token on successful login (Happy Path)","invocations":1,"location":null,"numPassingAsserts":0,"retryReasons":[],"status":"failed","title":"should return 200 and token on successful login (Happy Path)"},{"ancestorTitles":["Auth API (Module 01)","POST /api/v1/auth/login"],"duration":13,"failureDetails":[{"matcherResult":{"expected":false,"message":"expect(received).toBe(expected) // Object.is equality\n\nExpected: false\nReceived: undefined","name":"toBe","pass":false}}],"failureMessages":["Error: expect(received).toBe(expected) // Object.is equality\n\nExpected: false\nReceived: undefined\n    at Object.<anonymous> (C:\\Documents\\Capstone Project\\binh-nguyen-wedding-event-management-system-sep490-g83\\backend-api\\src\\tests\\01-auth.test.ts:61:37)\n    at processTicksAndRejections (node:internal/process/task_queues:104:5)"],"fullName":"Auth API (Module 01) POST /api/v1/auth/login should return 400 when missing required fields (Bad Request)","invocations":1,"location":null,"numPassingAsserts":1,"retryReasons":[],"status":"failed","title":"should return 400 when missing required fields (Bad Request)"},{"ancestorTitles":["Auth API (Module 01)","POST /api/v1/auth/login"],"duration":81,"failureDetails":[{"matcherResult":{"actual":400,"expected":401,"message":"expect(received).toBe(expected) // Object.is equality\n\nExpected: 401\nReceived: 400","name":"toBe","pass":false}}],"failureMessages":["Error: expect(received).toBe(expected) // Object.is equality\n\nExpected: 401\nReceived: 400\n    at Object.<anonymous> (C:\\Documents\\Capstone Project\\binh-nguyen-wedding-event-management-system-sep490-g83\\backend-api\\src\\tests\\01-auth.test.ts:83:31)\n    at processTicksAndRejections (node:internal/process/task_queues:104:5)"],"fullName":"Auth API (Module 01) POST /api/v1/auth/login should return 401 on incorrect password (Edge Case)","invocations":1,"location":null,"numPassingAsserts":0,"retryReasons":[],"status":"failed","title":"should return 401 on incorrect password (Edge Case)"},{"ancestorTitles":["Auth API (Module 01)","PUT /api/v1/auth/change-password"],"duration":86,"failureDetails":[{"matcherResult":{"actual":403,"expected":200,"message":"expect(received).toBe(expected) // Object.is equality\n\nExpected: 200\nReceived: 403","name":"toBe","pass":false}}],"failureMessages":["Error: expect(received).toBe(expected) // Object.is equality\n\nExpected: 200\nReceived: 403\n    at Object.<anonymous> (C:\\Documents\\Capstone Project\\binh-nguyen-wedding-event-management-system-sep490-g83\\backend-api\\src\\tests\\01-auth.test.ts:109:31)\n    at processTicksAndRejections (node:internal/process/task_queues:104:5)"],"fullName":"Auth API (Module 01) PUT /api/v1/auth/change-password should return 200 on successful password change (Happy Path)","invocations":1,"location":null,"numPassingAsserts":0,"retryReasons":[],"status":"failed","title":"should return 200 on successful password change (Happy Path)"},{"ancestorTitles":["Auth API (Module 01)","PUT /api/v1/auth/change-password"],"duration":6,"failureDetails":[{"matcherResult":{"expected":false,"message":"expect(received).toBe(expected) // Object.is equality\n\nExpected: false\nReceived: undefined","name":"toBe","pass":false}}],"failureMessages":["Error: expect(received).toBe(expected) // Object.is equality\n\nExpected: false\nReceived: undefined\n    at Object.<anonymous> (C:\\Documents\\Capstone Project\\binh-nguyen-wedding-event-management-system-sep490-g83\\backend-api\\src\\tests\\01-auth.test.ts:123:37)\n    at processTicksAndRejections (node:internal/process/task_queues:104:5)"],"fullName":"Auth API (Module 01) PUT /api/v1/auth/change-password should return 401 if JWT token is missing (Edge Case)","invocations":1,"location":null,"numPassingAsserts":1,"retryReasons":[],"status":"failed","title":"should return 401 if JWT token is missing (Edge Case)"}],"endTime":1781934287476,"message":"  ● Auth API (Module 01) › POST /api/v1/auth/login › should return 200 and token on successful login (Happy Path)\n\n    expect(received).toBe(expected) // Object.is equality\n\n    Expected: 200\n    Received: 400\n\n    \u001b[0m \u001b[90m 44 |\u001b[39m\n     \u001b[90m 45 |\u001b[39m       \u001b[90m// Assertions\u001b[39m\n    \u001b[31m\u001b[1m>\u001b[22m\u001b[39m\u001b[90m 46 |\u001b[39m       expect(response\u001b[33m.\u001b[39mstatus)\u001b[33m.\u001b[39mtoBe(\u001b[35m200\u001b[39m)\u001b[33m;\u001b[39m\n     \u001b[90m    |\u001b[39m                               \u001b[31m\u001b[1m^\u001b[22m\u001b[39m\n     \u001b[90m 47 |\u001b[39m       expect(response\u001b[33m.\u001b[39mbody\u001b[33m.\u001b[39msuccess)\u001b[33m.\u001b[39mtoBe(\u001b[36mtrue\u001b[39m)\u001b[33m;\u001b[39m\n     \u001b[90m 48 |\u001b[39m       expect(response\u001b[33m.\u001b[39mbody\u001b[33m.\u001b[39mdata)\u001b[33m.\u001b[39mtoHaveProperty(\u001b[32m'token'\u001b[39m)\u001b[33m;\u001b[39m\n     \u001b[90m 49 |\u001b[39m       expect(response\u001b[33m.\u001b[39mbody\u001b[33m.\u001b[39mdata\u001b[33m.\u001b[39muser\u001b[33m.\u001b[39musername)\u001b[33m.\u001b[39mtoBe(\u001b[32m'manager_fpt'\u001b[39m)\u001b[33m;\u001b[39m\u001b[0m\n\n      at Object.<anonymous> (src/tests/01-auth.test.ts:46:31)\n\n  ● Auth API (Module 01) › POST /api/v1/auth/login › should return 400 when missing required fields (Bad Request)\n\n    expect(received).toBe(expected) // Object.is equality\n\n    Expected: false\n    Received: undefined\n\n    \u001b[0m \u001b[90m 59 |\u001b[39m\n     \u001b[90m 60 |\u001b[39m       expect(response\u001b[33m.\u001b[39mstatus)\u001b[33m.\u001b[39mtoBe(\u001b[35m400\u001b[39m)\u001b[33m;\u001b[39m\n    \u001b[31m\u001b[1m>\u001b[22m\u001b[39m\u001b[90m 61 |\u001b[39m       expect(response\u001b[33m.\u001b[39mbody\u001b[33m.\u001b[39msuccess)\u001b[33m.\u001b[39mtoBe(\u001b[36mfalse\u001b[39m)\u001b[33m;\u001b[39m\n     \u001b[90m    |\u001b[39m                                     \u001b[31m\u001b[1m^\u001b[22m\u001b[39m\n     \u001b[90m 62 |\u001b[39m     })\u001b[33m;\u001b[39m\n     \u001b[90m 63 |\u001b[39m\n     \u001b[90m 64 |\u001b[39m     it(\u001b[32m'should return 401 on incorrect password (Edge Case)'\u001b[39m\u001b[33m,\u001b[39m \u001b[36masync\u001b[39m () \u001b[33m=>\u001b[39m {\u001b[0m\n\n      at Object.<anonymous> (src/tests/01-auth.test.ts:61:37)\n\n  ● Auth API (Module 01) › POST /api/v1/auth/login › should return 401 on incorrect password (Edge Case)\n\n    expect(received).toBe(expected) // Object.is equality\n\n    Expected: 401\n    Received: 400\n\n    \u001b[0m \u001b[90m 81 |\u001b[39m         })\u001b[33m;\u001b[39m\n     \u001b[90m 82 |\u001b[39m\n    \u001b[31m\u001b[1m>\u001b[22m\u001b[39m\u001b[90m 83 |\u001b[39m       expect(response\u001b[33m.\u001b[39mstatus)\u001b[33m.\u001b[39mtoBe(\u001b[35m401\u001b[39m)\u001b[33m;\u001b[39m\n     \u001b[90m    |\u001b[39m                               \u001b[31m\u001b[1m^\u001b[22m\u001b[39m\n     \u001b[90m 84 |\u001b[39m       expect(response\u001b[33m.\u001b[39mbody\u001b[33m.\u001b[39msuccess)\u001b[33m.\u001b[39mtoBe(\u001b[36mfalse\u001b[39m)\u001b[33m;\u001b[39m\n     \u001b[90m 85 |\u001b[39m     })\u001b[33m;\u001b[39m\n     \u001b[90m 86 |\u001b[39m   })\u001b[33m;\u001b[39m\u001b[0m\n\n      at Object.<anonymous> (src/tests/01-auth.test.ts:83:31)\n\n  ● Auth API (Module 01) › PUT /api/v1/auth/change-password › should return 200 on successful password change (Happy Path)\n\n    expect(received).toBe(expected) // Object.is equality\n\n    Expected: 200\n    Received: 403\n\n    \u001b[0m \u001b[90m 107 |\u001b[39m         })\u001b[33m;\u001b[39m\n     \u001b[90m 108 |\u001b[39m\n    \u001b[31m\u001b[1m>\u001b[22m\u001b[39m\u001b[90m 109 |\u001b[39m       expect(response\u001b[33m.\u001b[39mstatus)\u001b[33m.\u001b[39mtoBe(\u001b[35m200\u001b[39m)\u001b[33m;\u001b[39m\n     \u001b[90m     |\u001b[39m                               \u001b[31m\u001b[1m^\u001b[22m\u001b[39m\n     \u001b[90m 110 |\u001b[39m       expect(response\u001b[33m.\u001b[39mbody\u001b[33m.\u001b[39msuccess)\u001b[33m.\u001b[39mtoBe(\u001b[36mtrue\u001b[39m)\u001b[33m;\u001b[39m\n     \u001b[90m 111 |\u001b[39m       expect(prismaMock\u001b[33m.\u001b[39muser\u001b[33m.\u001b[39mupdate)\u001b[33m.\u001b[39mtoHaveBeenCalledTimes(\u001b[35m1\u001b[39m)\u001b[33m;\u001b[39m\n     \u001b[90m 112 |\u001b[39m     })\u001b[33m;\u001b[39m\u001b[0m\n\n      at Object.<anonymous> (src/tests/01-auth.test.ts:109:31)\n\n  ● Auth API (Module 01) › PUT /api/v1/auth/change-password › should return 401 if JWT token is missing (Edge Case)\n\n    expect(received).toBe(expected) // Object.is equality\n\n    Expected: false\n    Received: undefined\n\n    \u001b[0m \u001b[90m 121 |\u001b[39m\n     \u001b[90m 122 |\u001b[39m       expect(response\u001b[33m.\u001b[39mstatus)\u001b[33m.\u001b[39mtoBe(\u001b[35m401\u001b[39m)\u001b[33m;\u001b[39m\n    \u001b[31m\u001b[1m>\u001b[22m\u001b[39m\u001b[90m 123 |\u001b[39m       expect(response\u001b[33m.\u001b[39mbody\u001b[33m.\u001b[39msuccess)\u001b[33m.\u001b[39mtoBe(\u001b[36mfalse\u001b[39m)\u001b[33m;\u001b[39m\n     \u001b[90m     |\u001b[39m                                     \u001b[31m\u001b[1m^\u001b[22m\u001b[39m\n     \u001b[90m 124 |\u001b[39m     })\u001b[33m;\u001b[39m\n     \u001b[90m 125 |\u001b[39m   })\u001b[33m;\u001b[39m\n     \u001b[90m 126 |\u001b[39m })\u001b[33m;\u001b[39m\u001b[0m\n\n      at Object.<anonymous> (src/tests/01-auth.test.ts:123:37)\n","name":"C:\\Documents\\Capstone Project\\binh-nguyen-wedding-event-management-system-sep490-g83\\backend-api\\src\\tests\\01-auth.test.ts","startTime":1781934281018,"status":"failed","summary":""}],"wasInterrupted":false}
